<?xml version="1.0" encoding="utf-8"?>
<CoverageSession xmlns:xsd="http://www.w3.org/2001/XMLSchema" xmlns:xsi="http://www.w3.org/2001/XMLSchema-instance" Version="0.0.0.0">
  <Summary numSequencePoints="364" visitedSequencePoints="350" numBranchPoints="0" visitedBranchPoints="0" sequenceCoverage="96.15" branchCoverage="0.0" maxCyclomaticComplexity="0" minCyclomaticComplexity="0" maxCrapScore="0" minCrapScore="0" visitedClasses="24" numClasses="24" visitedMethods="71" numMethods="71" />
  <Modules>
    <Module>
      <Summary numSequencePoints="12" visitedSequencePoints="11" numBranchPoints="0" visitedBranchPoints="0" sequenceCoverage="91.67" branchCoverage="0.0" maxCyclomaticComplexity="0" minCyclomaticComplexity="0" maxCrapScore="0" minCrapScore="0" visitedClasses="1" numClasses="1" visitedMethods="2" numMethods="2" />
      <ModuleTime>0001-01-01T00:00:00</ModuleTime>
      <ModuleName>Assembly-CSharp-firstpass</ModuleName>
      <Files>
        <File uid="1" fullPath="D:/GitHub/Endless-Runner/EndLess Runner/Assets/Plugins/Demigiant/DOTween/Modules/DOTweenModuleAudio.cs" />
        <File uid="2" fullPath="D:/GitHub/Endless-Runner/EndLess Runner/Assets/Plugins/Demigiant/DOTween/Modules/DOTweenModulePhysics.cs" />
        <File uid="3" fullPath="D:/GitHub/Endless-Runner/EndLess Runner/Assets/Plugins/Demigiant/DOTween/Modules/DOTweenModulePhysics2D.cs" />
        <File uid="4" fullPath="D:/GitHub/Endless-Runner/EndLess Runner/Assets/Plugins/Demigiant/DOTween/Modules/DOTweenModuleSprite.cs" />
        <File uid="5" fullPath="D:/GitHub/Endless-Runner/EndLess Runner/Assets/Plugins/Demigiant/DOTween/Modules/DOTweenModuleUI.cs" />
        <File uid="6" fullPath="D:/GitHub/Endless-Runner/EndLess Runner/Assets/Plugins/Demigiant/DOTween/Modules/DOTweenModuleUnityVersion.cs" />
        <File uid="7" fullPath="D:/GitHub/Endless-Runner/EndLess Runner/Assets/Plugins/Demigiant/DOTween/Modules/DOTweenModuleUtils.cs" />
      </Files>
      <Classes>
        <Class>
          <Summary numSequencePoints="12" visitedSequencePoints="11" numBranchPoints="0" visitedBranchPoints="0" sequenceCoverage="91.67" branchCoverage="0.0" maxCyclomaticComplexity="0" minCyclomaticComplexity="0" maxCrapScore="0" minCrapScore="0" visitedClasses="1" numClasses="1" visitedMethods="2" numMethods="2" />
          <FullName>DG.Tweening.DOTweenModuleUtils</FullName>
          <Methods>
            <Method visited="true" cyclomaticComplexity="0" nPathComplexity="0" sequenceCoverage="85.71" branchCoverage="0" crapScore="0" isConstructor="false" isStatic="true" isGetter="false" isSetter="false">
              <Summary numSequencePoints="7" visitedSequencePoints="6" numBranchPoints="0" visitedBranchPoints="0" sequenceCoverage="85.71" branchCoverage="0" maxCyclomaticComplexity="0" minCyclomaticComplexity="0" maxCrapScore="0" minCrapScore="0" visitedClasses="0" numClasses="0" visitedMethods="1" numMethods="1" />
              <MetadataToken>100663394</MetadataToken>
              <Name>static System.Void DG.Tweening.DOTweenModuleUtils::Init()</Name>
              <FileRef uid="7" />
              <SequencePoints>
                <SequencePoint vc="1" uspid="579" ordinal="0" offset="0" sl="39" sc="9" el="39" ec="9" bec="0" bev="0" fileid="7" />
                <SequencePoint vc="1" uspid="580" ordinal="0" offset="1" sl="40" sc="13" el="40" ec="13" bec="0" bev="0" fileid="7" />
                <SequencePoint vc="0" uspid="581" ordinal="0" offset="10" sl="40" sc="31" el="40" ec="31" bec="0" bev="0" fileid="7" />
                <SequencePoint vc="1" uspid="582" ordinal="0" offset="12" sl="42" sc="13" el="42" ec="13" bec="0" bev="0" fileid="7" />
                <SequencePoint vc="1" uspid="583" ordinal="0" offset="18" sl="43" sc="13" el="43" ec="13" bec="0" bev="0" fileid="7" />
                <SequencePoint vc="1" uspid="584" ordinal="0" offset="36" sl="49" sc="13" el="49" ec="13" bec="0" bev="0" fileid="7" />
                <SequencePoint vc="1" uspid="585" ordinal="0" offset="54" sl="52" sc="9" el="52" ec="9" bec="0" bev="0" fileid="7" />
              </SequencePoints>
              <BranchPoints />
            </Method>
            <Method visited="true" cyclomaticComplexity="0" nPathComplexity="0" sequenceCoverage="100.0" branchCoverage="0" crapScore="0" isConstructor="false" isStatic="true" isGetter="false" isSetter="false">
              <Summary numSequencePoints="5" visitedSequencePoints="5" numBranchPoints="0" visitedBranchPoints="0" sequenceCoverage="100.0" branchCoverage="0" maxCyclomaticComplexity="0" minCyclomaticComplexity="0" maxCrapScore="0" minCrapScore="0" visitedClasses="0" numClasses="0" visitedMethods="1" numMethods="1" />
              <MetadataToken>100663396</MetadataToken>
              <Name>static System.Void DG.Tweening.DOTweenModuleUtils::PlaymodeStateChanged(UnityEditor.PlayModeStateChange)</Name>
              <FileRef uid="7" />
              <SequencePoints>
                <SequencePoint vc="3" uspid="590" ordinal="0" offset="0" sl="75" sc="9" el="75" ec="9" bec="0" bev="0" fileid="7" />
                <SequencePoint vc="3" uspid="591" ordinal="0" offset="1" sl="76" sc="13" el="76" ec="13" bec="0" bev="0" fileid="7" />
                <SequencePoint vc="1" uspid="592" ordinal="0" offset="16" sl="76" sc="43" el="76" ec="43" bec="0" bev="0" fileid="7" />
                <SequencePoint vc="2" uspid="593" ordinal="0" offset="18" sl="77" sc="13" el="77" ec="13" bec="0" bev="0" fileid="7" />
                <SequencePoint vc="3" uspid="594" ordinal="0" offset="34" sl="78" sc="9" el="78" ec="9" bec="0" bev="0" fileid="7" />
              </SequencePoints>
              <BranchPoints />
            </Method>
          </Methods>
        </Class>
      </Classes>
    </Module>
    <Module>
      <Summary numSequencePoints="337" visitedSequencePoints="324" numBranchPoints="0" visitedBranchPoints="0" sequenceCoverage="96.14" branchCoverage="0.0" maxCyclomaticComplexity="0" minCyclomaticComplexity="0" maxCrapScore="0" minCrapScore="0" visitedClasses="21" numClasses="21" visitedMethods="63" numMethods="63" />
      <ModuleTime>0001-01-01T00:00:00</ModuleTime>
      <ModuleName>Assembly-CSharp</ModuleName>
      <Files>
        <File uid="8" fullPath="D:/GitHub/Endless-Runner/EndLess Runner/Assets/Jammo-Character/Scripts/CharacterSkinController.cs" />
        <File uid="9" fullPath="D:/GitHub/Endless-Runner/EndLess Runner/Assets/Jammo-Character/Scripts/MovementInput.cs" />
        <File uid="10" fullPath="D:/GitHub/Endless-Runner/EndLess Runner/Assets/Scripts/Collactable/CoinBase.cs" />
        <File uid="11" fullPath="D:/GitHub/Endless-Runner/EndLess Runner/Assets/Scripts/GameManager/GameManager.cs" />
        <File uid="12" fullPath="D:/GitHub/Endless-Runner/EndLess Runner/Assets/Scripts/Obstacle/ObstacleMovement.cs" />
        <File uid="13" fullPath="D:/GitHub/Endless-Runner/EndLess Runner/Assets/Scripts/Plataform/PlataformGenerator.cs" />
        <File uid="14" fullPath="D:/GitHub/Endless-Runner/EndLess Runner/Assets/Scripts/Player/InputActions/PlayerInputActions.cs" />
        <File uid="15" fullPath="D:/GitHub/Endless-Runner/EndLess Runner/Assets/Scripts/Player/Player.cs" />
        <File uid="16" fullPath="D:/GitHub/Endless-Runner/EndLess Runner/Assets/Scripts/Player/States/PlayerStateDead.cs" />
        <File uid="17" fullPath="D:/GitHub/Endless-Runner/EndLess Runner/Assets/Scripts/Player/States/PlayerStateIdle.cs" />
        <File uid="18" fullPath="D:/GitHub/Endless-Runner/EndLess Runner/Assets/Scripts/Player/States/PlayerStateJump.cs" />
        <File uid="19" fullPath="D:/GitHub/Endless-Runner/EndLess Runner/Assets/Scripts/Player/States/PlayerStateRunning.cs" />
        <File uid="20" fullPath="D:/GitHub/Endless-Runner/EndLess Runner/Assets/Scripts/Sound/SFXPool.cs" />
        <File uid="21" fullPath="D:/GitHub/Endless-Runner/EndLess Runner/Assets/Scripts/Sound/SoundManager.cs" />
        <File uid="22" fullPath="D:/GitHub/Endless-Runner/EndLess Runner/Assets/Scripts/UI/Coin/UiCoinBase.cs" />
        <File uid="23" fullPath="D:/GitHub/Endless-Runner/EndLess Runner/Assets/Scripts/utils/Blink.cs" />
        <File uid="24" fullPath="D:/GitHub/Endless-Runner/EndLess Runner/Assets/Scripts/Collactable/CollactableBase.cs" />
        <File uid="25" fullPath="D:/GitHub/Endless-Runner/EndLess Runner/Assets/Scripts/Collactable/ItemManager.cs" />
        <File uid="26" fullPath="D:/GitHub/Endless-Runner/EndLess Runner/Assets/Scripts/Animation/AnimationStateTrigger.cs" />
        <File uid="27" fullPath="D:/GitHub/Endless-Runner/EndLess Runner/Assets/Scripts/StateMachine/StateBase.cs" />
        <File uid="28" fullPath="D:/GitHub/Endless-Runner/EndLess Runner/Assets/Scripts/StateMachine/StateMachine.cs" />
        <File uid="29" fullPath="D:/GitHub/Endless-Runner/EndLess Runner/Assets/Core/Singleton/Singleton.cs" />
      </Files>
      <Classes>
        <Class>
          <Summary numSequencePoints="9" visitedSequencePoints="9" numBranchPoints="0" visitedBranchPoints="0" sequenceCoverage="100.0" branchCoverage="0.0" maxCyclomaticComplexity="0" minCyclomaticComplexity="0" maxCrapScore="0" minCrapScore="0" visitedClasses="1" numClasses="1" visitedMethods="3" numMethods="3" />
          <FullName>CoinBase</FullName>
          <Methods>
            <Method visited="true" cyclomaticComplexity="0" nPathComplexity="0" sequenceCoverage="100.0" branchCoverage="0" crapScore="0" isConstructor="false" isStatic="false" isGetter="false" isSetter="false">
              <Summary numSequencePoints="5" visitedSequencePoints="5" numBranchPoints="0" visitedBranchPoints="0" sequenceCoverage="100.0" branchCoverage="0" maxCyclomaticComplexity="0" minCyclomaticComplexity="0" maxCrapScore="0" minCrapScore="0" visitedClasses="0" numClasses="0" visitedMethods="1" numMethods="1" />
              <MetadataToken>100663310</MetadataToken>
              <Name>System.Void CoinBase::Collect()</Name>
              <FileRef uid="10" />
              <SequencePoints>
                <SequencePoint vc="69" uspid="1061" ordinal="0" offset="0" sl="12" sc="5" el="12" ec="5" bec="0" bev="0" fileid="10" />
                <SequencePoint vc="69" uspid="1062" ordinal="0" offset="1" sl="13" sc="9" el="13" ec="9" bec="0" bev="0" fileid="10" />
                <SequencePoint vc="69" uspid="1063" ordinal="0" offset="8" sl="14" sc="9" el="14" ec="9" bec="0" bev="0" fileid="10" />
                <SequencePoint vc="69" uspid="1064" ordinal="0" offset="35" sl="15" sc="9" el="15" ec="9" bec="0" bev="0" fileid="10" />
                <SequencePoint vc="69" uspid="1065" ordinal="0" offset="59" sl="16" sc="5" el="16" ec="5" bec="0" bev="0" fileid="10" />
              </SequencePoints>
              <BranchPoints />
            </Method>
            <Method visited="true" cyclomaticComplexity="0" nPathComplexity="0" sequenceCoverage="100.0" branchCoverage="0" crapScore="0" isConstructor="false" isStatic="false" isGetter="false" isSetter="false">
              <Summary numSequencePoints="3" visitedSequencePoints="3" numBranchPoints="0" visitedBranchPoints="0" sequenceCoverage="100.0" branchCoverage="0" maxCyclomaticComplexity="0" minCyclomaticComplexity="0" maxCrapScore="0" minCrapScore="0" visitedClasses="0" numClasses="0" visitedMethods="1" numMethods="1" />
              <MetadataToken>100663311</MetadataToken>
              <Name>System.Void CoinBase::OnCollect()</Name>
              <FileRef uid="10" />
              <SequencePoints>
                <SequencePoint vc="69" uspid="1066" ordinal="0" offset="0" sl="19" sc="5" el="19" ec="5" bec="0" bev="0" fileid="10" />
                <SequencePoint vc="69" uspid="1067" ordinal="0" offset="1" sl="20" sc="9" el="20" ec="9" bec="0" bev="0" fileid="10" />
                <SequencePoint vc="69" uspid="1068" ordinal="0" offset="8" sl="22" sc="5" el="22" ec="5" bec="0" bev="0" fileid="10" />
              </SequencePoints>
              <BranchPoints />
            </Method>
            <Method visited="true" cyclomaticComplexity="0" nPathComplexity="0" sequenceCoverage="100.0" branchCoverage="0" crapScore="0" isConstructor="true" isStatic="false" isGetter="false" isSetter="false">
              <Summary numSequencePoints="1" visitedSequencePoints="1" numBranchPoints="0" visitedBranchPoints="0" sequenceCoverage="100.0" branchCoverage="0" maxCyclomaticComplexity="0" minCyclomaticComplexity="0" maxCrapScore="0" minCrapScore="0" visitedClasses="0" numClasses="0" visitedMethods="1" numMethods="1" />
              <MetadataToken>100663312</MetadataToken>
              <Name>CoinBase::CoinBase()</Name>
              <FileRef uid="10" />
              <SequencePoints>
                <SequencePoint vc="99" uspid="1069" ordinal="0" offset="0" sl="9" sc="5" el="9" ec="5" bec="0" bev="0" fileid="10" />
              </SequencePoints>
              <BranchPoints />
            </Method>
          </Methods>
        </Class>
        <Class>
          <Summary numSequencePoints="52" visitedSequencePoints="50" numBranchPoints="0" visitedBranchPoints="0" sequenceCoverage="96.15" branchCoverage="0.0" maxCyclomaticComplexity="0" minCyclomaticComplexity="0" maxCrapScore="0" minCrapScore="0" visitedClasses="1" numClasses="1" visitedMethods="8" numMethods="8" />
          <FullName>GameManager</FullName>
          <Methods>
            <Method visited="true" cyclomaticComplexity="0" nPathComplexity="0" sequenceCoverage="100.0" branchCoverage="0" crapScore="0" isConstructor="false" isStatic="false" isGetter="false" isSetter="false">
              <Summary numSequencePoints="5" visitedSequencePoints="5" numBranchPoints="0" visitedBranchPoints="0" sequenceCoverage="100.0" branchCoverage="0" maxCyclomaticComplexity="0" minCyclomaticComplexity="0" maxCrapScore="0" minCrapScore="0" visitedClasses="0" numClasses="0" visitedMethods="1" numMethods="1" />
              <MetadataToken>100663313</MetadataToken>
              <Name>System.Void GameManager::Start()</Name>
              <FileRef uid="11" />
              <SequencePoints>
                <SequencePoint vc="1" uspid="1070" ordinal="0" offset="0" sl="34" sc="5" el="34" ec="5" bec="0" bev="0" fileid="11" />
                <SequencePoint vc="1" uspid="1071" ordinal="0" offset="1" sl="35" sc="9" el="35" ec="9" bec="0" bev="0" fileid="11" />
                <SequencePoint vc="1" uspid="1072" ordinal="0" offset="12" sl="36" sc="9" el="36" ec="9" bec="0" bev="0" fileid="11" />
                <SequencePoint vc="1" uspid="1073" ordinal="0" offset="23" sl="37" sc="9" el="37" ec="9" bec="0" bev="0" fileid="11" />
                <SequencePoint vc="1" uspid="1074" ordinal="0" offset="30" sl="38" sc="5" el="38" ec="5" bec="0" bev="0" fileid="11" />
              </SequencePoints>
              <BranchPoints />
            </Method>
            <Method visited="true" cyclomaticComplexity="0" nPathComplexity="0" sequenceCoverage="100.0" branchCoverage="0" crapScore="0" isConstructor="false" isStatic="false" isGetter="false" isSetter="false">
              <Summary numSequencePoints="11" visitedSequencePoints="11" numBranchPoints="0" visitedBranchPoints="0" sequenceCoverage="100.0" branchCoverage="0" maxCyclomaticComplexity="0" minCyclomaticComplexity="0" maxCrapScore="0" minCrapScore="0" visitedClasses="0" numClasses="0" visitedMethods="1" numMethods="1" />
              <MetadataToken>100663314</MetadataToken>
              <Name>System.Void GameManager::Update()</Name>
              <FileRef uid="11" />
              <SequencePoints>
                <SequencePoint vc="6098" uspid="1075" ordinal="0" offset="0" sl="41" sc="5" el="41" ec="5" bec="0" bev="0" fileid="11" />
                <SequencePoint vc="6098" uspid="1076" ordinal="0" offset="1" sl="42" sc="9" el="42" ec="9" bec="0" bev="0" fileid="11" />
                <SequencePoint vc="6098" uspid="1077" ordinal="0" offset="16" sl="43" sc="9" el="43" ec="9" bec="0" bev="0" fileid="11" />
                <SequencePoint vc="6098" uspid="1078" ordinal="0" offset="17" sl="44" sc="13" el="44" ec="13" bec="0" bev="0" fileid="11" />
                <SequencePoint vc="6098" uspid="1079" ordinal="0" offset="24" sl="45" sc="13" el="45" ec="13" bec="0" bev="0" fileid="11" />
                <SequencePoint vc="6098" uspid="1080" ordinal="0" offset="40" sl="46" sc="13" el="46" ec="13" bec="0" bev="0" fileid="11" />
                <SequencePoint vc="6098" uspid="1081" ordinal="0" offset="41" sl="47" sc="17" el="47" ec="17" bec="0" bev="0" fileid="11" />
                <SequencePoint vc="6098" uspid="1082" ordinal="0" offset="73" sl="48" sc="13" el="48" ec="13" bec="0" bev="0" fileid="11" />
                <SequencePoint vc="6098" uspid="1083" ordinal="0" offset="74" sl="49" sc="9" el="49" ec="9" bec="0" bev="0" fileid="11" />
                <SequencePoint vc="6098" uspid="1084" ordinal="0" offset="75" sl="51" sc="9" el="51" ec="9" bec="0" bev="0" fileid="11" />
                <SequencePoint vc="6098" uspid="1085" ordinal="0" offset="82" sl="52" sc="5" el="52" ec="5" bec="0" bev="0" fileid="11" />
              </SequencePoints>
              <BranchPoints />
            </Method>
            <Method visited="true" cyclomaticComplexity="0" nPathComplexity="0" sequenceCoverage="85.71" branchCoverage="0" crapScore="0" isConstructor="false" isStatic="false" isGetter="false" isSetter="false">
              <Summary numSequencePoints="7" visitedSequencePoints="6" numBranchPoints="0" visitedBranchPoints="0" sequenceCoverage="85.71" branchCoverage="0" maxCyclomaticComplexity="0" minCyclomaticComplexity="0" maxCrapScore="0" minCrapScore="0" visitedClasses="0" numClasses="0" visitedMethods="1" numMethods="1" />
              <MetadataToken>100663315</MetadataToken>
              <Name>System.Void GameManager::SpawnPlayer()</Name>
              <FileRef uid="11" />
              <SequencePoints>
                <SequencePoint vc="1" uspid="1086" ordinal="0" offset="0" sl="56" sc="5" el="56" ec="5" bec="0" bev="0" fileid="11" />
                <SequencePoint vc="1" uspid="1087" ordinal="0" offset="1" sl="57" sc="9" el="57" ec="9" bec="0" bev="0" fileid="11" />
                <SequencePoint vc="0" uspid="1088" ordinal="0" offset="16" sl="57" sc="22" el="57" ec="22" bec="0" bev="0" fileid="11" />
                <SequencePoint vc="1" uspid="1089" ordinal="0" offset="18" sl="58" sc="9" el="58" ec="9" bec="0" bev="0" fileid="11" />
                <SequencePoint vc="1" uspid="1090" ordinal="0" offset="30" sl="59" sc="9" el="59" ec="9" bec="0" bev="0" fileid="11" />
                <SequencePoint vc="1" uspid="1091" ordinal="0" offset="41" sl="60" sc="9" el="60" ec="9" bec="0" bev="0" fileid="11" />
                <SequencePoint vc="1" uspid="1092" ordinal="0" offset="49" sl="61" sc="5" el="61" ec="5" bec="0" bev="0" fileid="11" />
              </SequencePoints>
              <BranchPoints />
            </Method>
            <Method visited="true" cyclomaticComplexity="0" nPathComplexity="0" sequenceCoverage="83.33" branchCoverage="0" crapScore="0" isConstructor="false" isStatic="false" isGetter="false" isSetter="false">
              <Summary numSequencePoints="6" visitedSequencePoints="5" numBranchPoints="0" visitedBranchPoints="0" sequenceCoverage="83.33" branchCoverage="0" maxCyclomaticComplexity="0" minCyclomaticComplexity="0" maxCrapScore="0" minCrapScore="0" visitedClasses="0" numClasses="0" visitedMethods="1" numMethods="1" />
              <MetadataToken>100663316</MetadataToken>
              <Name>System.Void GameManager::TweenSpawnPlayer(UnityEngine.GameObject)</Name>
              <FileRef uid="11" />
              <SequencePoints>
                <SequencePoint vc="1" uspid="1093" ordinal="0" offset="20" sl="64" sc="5" el="64" ec="5" bec="0" bev="0" fileid="11" />
                <SequencePoint vc="1" uspid="1094" ordinal="0" offset="21" sl="65" sc="9" el="65" ec="9" bec="0" bev="0" fileid="11" />
                <SequencePoint vc="0" uspid="1095" ordinal="0" offset="34" sl="65" sc="40" el="65" ec="40" bec="0" bev="0" fileid="11" />
                <SequencePoint vc="1" uspid="1096" ordinal="0" offset="41" sl="66" sc="9" el="66" ec="9" bec="0" bev="0" fileid="11" />
                <SequencePoint vc="1" uspid="1097" ordinal="0" offset="90" sl="67" sc="9" el="67" ec="9" bec="0" bev="0" fileid="11" />
                <SequencePoint vc="1" uspid="1098" ordinal="0" offset="114" sl="71" sc="5" el="71" ec="5" bec="0" bev="0" fileid="11" />
              </SequencePoints>
              <BranchPoints />
            </Method>
            <Method visited="true" cyclomaticComplexity="0" nPathComplexity="0" sequenceCoverage="100.0" branchCoverage="0" crapScore="0" isConstructor="false" isStatic="false" isGetter="false" isSetter="false">
              <Summary numSequencePoints="7" visitedSequencePoints="7" numBranchPoints="0" visitedBranchPoints="0" sequenceCoverage="100.0" branchCoverage="0" maxCyclomaticComplexity="0" minCyclomaticComplexity="0" maxCrapScore="0" minCrapScore="0" visitedClasses="0" numClasses="0" visitedMethods="1" numMethods="1" />
              <MetadataToken>100663317</MetadataToken>
              <Name>System.Void GameManager::SpawnMainCamera(UnityEngine.GameObject)</Name>
              <FileRef uid="11" />
              <SequencePoints>
                <SequencePoint vc="1" uspid="1099" ordinal="0" offset="0" sl="74" sc="5" el="74" ec="5" bec="0" bev="0" fileid="11" />
                <SequencePoint vc="1" uspid="1100" ordinal="0" offset="1" sl="75" sc="9" el="75" ec="9" bec="0" bev="0" fileid="11" />
                <SequencePoint vc="1" uspid="1101" ordinal="0" offset="13" sl="76" sc="9" el="76" ec="9" bec="0" bev="0" fileid="11" />
                <SequencePoint vc="1" uspid="1102" ordinal="0" offset="20" sl="77" sc="9" el="77" ec="9" bec="0" bev="0" fileid="11" />
                <SequencePoint vc="1" uspid="1103" ordinal="0" offset="33" sl="78" sc="9" el="78" ec="9" bec="0" bev="0" fileid="11" />
                <SequencePoint vc="1" uspid="1104" ordinal="0" offset="46" sl="79" sc="9" el="79" ec="9" bec="0" bev="0" fileid="11" />
                <SequencePoint vc="1" uspid="1105" ordinal="0" offset="58" sl="80" sc="5" el="80" ec="5" bec="0" bev="0" fileid="11" />
              </SequencePoints>
              <BranchPoints />
            </Method>
            <Method visited="true" cyclomaticComplexity="0" nPathComplexity="0" sequenceCoverage="100.0" branchCoverage="0" crapScore="0" isConstructor="false" isStatic="false" isGetter="false" isSetter="false">
              <Summary numSequencePoints="4" visitedSequencePoints="4" numBranchPoints="0" visitedBranchPoints="0" sequenceCoverage="100.0" branchCoverage="0" maxCyclomaticComplexity="0" minCyclomaticComplexity="0" maxCrapScore="0" minCrapScore="0" visitedClasses="0" numClasses="0" visitedMethods="1" numMethods="1" />
              <MetadataToken>100663318</MetadataToken>
              <Name>System.Void GameManager::UpdateCoinUi()</Name>
              <FileRef uid="11" />
              <SequencePoints>
                <SequencePoint vc="6098" uspid="1106" ordinal="0" offset="0" sl="83" sc="5" el="83" ec="5" bec="0" bev="0" fileid="11" />
                <SequencePoint vc="6098" uspid="1107" ordinal="0" offset="1" sl="84" sc="9" el="84" ec="9" bec="0" bev="0" fileid="11" />
                <SequencePoint vc="6098" uspid="1108" ordinal="0" offset="23" sl="85" sc="9" el="85" ec="9" bec="0" bev="0" fileid="11" />
                <SequencePoint vc="6098" uspid="1109" ordinal="0" offset="51" sl="86" sc="5" el="86" ec="5" bec="0" bev="0" fileid="11" />
              </SequencePoints>
              <BranchPoints />
            </Method>
            <Method visited="true" cyclomaticComplexity="0" nPathComplexity="0" sequenceCoverage="100.0" branchCoverage="0" crapScore="0" isConstructor="false" isStatic="false" isGetter="false" isSetter="false">
              <Summary numSequencePoints="8" visitedSequencePoints="8" numBranchPoints="0" visitedBranchPoints="0" sequenceCoverage="100.0" branchCoverage="0" maxCyclomaticComplexity="0" minCyclomaticComplexity="0" maxCrapScore="0" minCrapScore="0" visitedClasses="0" numClasses="0" visitedMethods="1" numMethods="1" />
              <MetadataToken>100663319</MetadataToken>
              <Name>System.Void GameManager::GeneratePlaform()</Name>
              <FileRef uid="11" />
              <SequencePoints>
                <SequencePoint vc="6098" uspid="1110" ordinal="0" offset="0" sl="89" sc="5" el="89" ec="5" bec="0" bev="0" fileid="11" />
                <SequencePoint vc="6098" uspid="1111" ordinal="0" offset="1" sl="90" sc="9" el="90" ec="9" bec="0" bev="0" fileid="11" />
                <SequencePoint vc="6098" uspid="1112" ordinal="0" offset="18" sl="91" sc="9" el="91" ec="9" bec="0" bev="0" fileid="11" />
                <SequencePoint vc="6098" uspid="1113" ordinal="0" offset="35" sl="92" sc="9" el="92" ec="9" bec="0" bev="0" fileid="11" />
                <SequencePoint vc="14" uspid="1114" ordinal="0" offset="63" sl="93" sc="9" el="93" ec="9" bec="0" bev="0" fileid="11" />
                <SequencePoint vc="14" uspid="1115" ordinal="0" offset="64" sl="94" sc="13" el="94" ec="13" bec="0" bev="0" fileid="11" />
                <SequencePoint vc="14" uspid="1116" ordinal="0" offset="75" sl="95" sc="9" el="95" ec="9" bec="0" bev="0" fileid="11" />
                <SequencePoint vc="6098" uspid="1117" ordinal="0" offset="76" sl="96" sc="5" el="96" ec="5" bec="0" bev="0" fileid="11" />
              </SequencePoints>
              <BranchPoints />
            </Method>
            <Method visited="true" cyclomaticComplexity="0" nPathComplexity="0" sequenceCoverage="100.0" branchCoverage="0" crapScore="0" isConstructor="true" isStatic="false" isGetter="false" isSetter="false">
              <Summary numSequencePoints="4" visitedSequencePoints="4" numBranchPoints="0" visitedBranchPoints="0" sequenceCoverage="100.0" branchCoverage="0" maxCyclomaticComplexity="0" minCyclomaticComplexity="0" maxCrapScore="0" minCrapScore="0" visitedClasses="0" numClasses="0" visitedMethods="1" numMethods="1" />
              <MetadataToken>100663320</MetadataToken>
              <Name>GameManager::GameManager()</Name>
              <FileRef uid="11" />
              <SequencePoints>
                <SequencePoint vc="2" uspid="1118" ordinal="0" offset="0" sl="21" sc="5" el="21" ec="5" bec="0" bev="0" fileid="11" />
                <SequencePoint vc="2" uspid="1119" ordinal="0" offset="7" sl="22" sc="5" el="22" ec="5" bec="0" bev="0" fileid="11" />
                <SequencePoint vc="2" uspid="1120" ordinal="0" offset="18" sl="23" sc="5" el="23" ec="5" bec="0" bev="0" fileid="11" />
                <SequencePoint vc="2" uspid="1121" ordinal="0" offset="26" sl="29" sc="5" el="29" ec="5" bec="0" bev="0" fileid="11" />
              </SequencePoints>
              <BranchPoints />
            </Method>
          </Methods>
        </Class>
        <Class>
          <Summary numSequencePoints="20" visitedSequencePoints="19" numBranchPoints="0" visitedBranchPoints="0" sequenceCoverage="95.00" branchCoverage="0.0" maxCyclomaticComplexity="0" minCyclomaticComplexity="0" maxCrapScore="0" minCrapScore="0" visitedClasses="1" numClasses="1" visitedMethods="3" numMethods="3" />
          <FullName>ObstacleMovement</FullName>
          <Methods>
            <Method visited="true" cyclomaticComplexity="0" nPathComplexity="0" sequenceCoverage="88.89" branchCoverage="0" crapScore="0" isConstructor="false" isStatic="false" isGetter="false" isSetter="false">
              <Summary numSequencePoints="9" visitedSequencePoints="8" numBranchPoints="0" visitedBranchPoints="0" sequenceCoverage="88.89" branchCoverage="0" maxCyclomaticComplexity="0" minCyclomaticComplexity="0" maxCrapScore="0" minCrapScore="0" visitedClasses="0" numClasses="0" visitedMethods="1" numMethods="1" />
              <MetadataToken>100663321</MetadataToken>
              <Name>System.Void ObstacleMovement::Update()</Name>
              <FileRef uid="12" />
              <SequencePoints>
                <SequencePoint vc="8448" uspid="1122" ordinal="0" offset="0" sl="20" sc="5" el="20" ec="5" bec="0" bev="0" fileid="12" />
                <SequencePoint vc="8448" uspid="1123" ordinal="0" offset="1" sl="21" sc="9" el="21" ec="9" bec="0" bev="0" fileid="12" />
                <SequencePoint vc="0" uspid="1124" ordinal="0" offset="19" sl="21" sc="35" el="21" ec="35" bec="0" bev="0" fileid="12" />
                <SequencePoint vc="8448" uspid="1125" ordinal="0" offset="21" sl="22" sc="9" el="22" ec="9" bec="0" bev="0" fileid="12" />
                <SequencePoint vc="18" uspid="1126" ordinal="0" offset="34" sl="23" sc="9" el="23" ec="9" bec="0" bev="0" fileid="12" />
                <SequencePoint vc="18" uspid="1127" ordinal="0" offset="35" sl="24" sc="13" el="24" ec="13" bec="0" bev="0" fileid="12" />
                <SequencePoint vc="18" uspid="1128" ordinal="0" offset="97" sl="25" sc="13" el="25" ec="13" bec="0" bev="0" fileid="12" />
                <SequencePoint vc="18" uspid="1129" ordinal="0" offset="120" sl="26" sc="9" el="26" ec="9" bec="0" bev="0" fileid="12" />
                <SequencePoint vc="8448" uspid="1130" ordinal="0" offset="121" sl="27" sc="5" el="27" ec="5" bec="0" bev="0" fileid="12" />
              </SequencePoints>
              <BranchPoints />
            </Method>
            <Method visited="true" cyclomaticComplexity="0" nPathComplexity="0" sequenceCoverage="100.0" branchCoverage="0" crapScore="0" isConstructor="false" isStatic="false" isGetter="false" isSetter="false">
              <Summary numSequencePoints="8" visitedSequencePoints="8" numBranchPoints="0" visitedBranchPoints="0" sequenceCoverage="100.0" branchCoverage="0" maxCyclomaticComplexity="0" minCyclomaticComplexity="0" maxCrapScore="0" minCrapScore="0" visitedClasses="0" numClasses="0" visitedMethods="1" numMethods="1" />
              <MetadataToken>100663322</MetadataToken>
              <Name>System.Void ObstacleMovement::FinishTween()</Name>
              <FileRef uid="12" />
              <SequencePoints>
                <SequencePoint vc="16" uspid="1131" ordinal="0" offset="0" sl="30" sc="5" el="30" ec="5" bec="0" bev="0" fileid="12" />
                <SequencePoint vc="16" uspid="1132" ordinal="0" offset="1" sl="31" sc="9" el="31" ec="9" bec="0" bev="0" fileid="12" />
                <SequencePoint vc="16" uspid="1133" ordinal="0" offset="8" sl="32" sc="9" el="32" ec="9" bec="0" bev="0" fileid="12" />
                <SequencePoint vc="16" uspid="1134" ordinal="0" offset="22" sl="34" sc="9" el="34" ec="9" bec="0" bev="0" fileid="12" />
                <SequencePoint vc="8" uspid="1135" ordinal="0" offset="48" sl="35" sc="9" el="35" ec="9" bec="0" bev="0" fileid="12" />
                <SequencePoint vc="8" uspid="1136" ordinal="0" offset="49" sl="36" sc="13" el="36" ec="13" bec="0" bev="0" fileid="12" />
                <SequencePoint vc="8" uspid="1137" ordinal="0" offset="56" sl="37" sc="9" el="37" ec="9" bec="0" bev="0" fileid="12" />
                <SequencePoint vc="16" uspid="1138" ordinal="0" offset="57" sl="38" sc="5" el="38" ec="5" bec="0" bev="0" fileid="12" />
              </SequencePoints>
              <BranchPoints />
            </Method>
            <Method visited="true" cyclomaticComplexity="0" nPathComplexity="0" sequenceCoverage="100.0" branchCoverage="0" crapScore="0" isConstructor="true" isStatic="false" isGetter="false" isSetter="false">
              <Summary numSequencePoints="3" visitedSequencePoints="3" numBranchPoints="0" visitedBranchPoints="0" sequenceCoverage="100.0" branchCoverage="0" maxCyclomaticComplexity="0" minCyclomaticComplexity="0" maxCrapScore="0" minCrapScore="0" visitedClasses="0" numClasses="0" visitedMethods="1" numMethods="1" />
              <MetadataToken>100663323</MetadataToken>
              <Name>ObstacleMovement::ObstacleMovement()</Name>
              <FileRef uid="12" />
              <SequencePoints>
                <SequencePoint vc="2" uspid="1139" ordinal="0" offset="0" sl="12" sc="5" el="12" ec="5" bec="0" bev="0" fileid="12" />
                <SequencePoint vc="2" uspid="1140" ordinal="0" offset="11" sl="13" sc="5" el="13" ec="5" bec="0" bev="0" fileid="12" />
                <SequencePoint vc="2" uspid="1141" ordinal="0" offset="19" sl="16" sc="5" el="16" ec="5" bec="0" bev="0" fileid="12" />
              </SequencePoints>
              <BranchPoints />
            </Method>
          </Methods>
        </Class>
        <Class>
          <Summary numSequencePoints="35" visitedSequencePoints="34" numBranchPoints="0" visitedBranchPoints="0" sequenceCoverage="97.14" branchCoverage="0.0" maxCyclomaticComplexity="0" minCyclomaticComplexity="0" maxCrapScore="0" minCrapScore="0" visitedClasses="1" numClasses="1" visitedMethods="6" numMethods="6" />
          <FullName>PlataformGenerator</FullName>
          <Methods>
            <Method visited="true" cyclomaticComplexity="0" nPathComplexity="0" sequenceCoverage="100.0" branchCoverage="0" crapScore="0" isConstructor="false" isStatic="false" isGetter="false" isSetter="false">
              <Summary numSequencePoints="3" visitedSequencePoints="3" numBranchPoints="0" visitedBranchPoints="0" sequenceCoverage="100.0" branchCoverage="0" maxCyclomaticComplexity="0" minCyclomaticComplexity="0" maxCrapScore="0" minCrapScore="0" visitedClasses="0" numClasses="0" visitedMethods="1" numMethods="1" />
              <MetadataToken>100663325</MetadataToken>
              <Name>System.Void PlataformGenerator::Start()</Name>
              <FileRef uid="13" />
              <SequencePoints>
                <SequencePoint vc="1" uspid="1142" ordinal="0" offset="0" sl="26" sc="5" el="26" ec="5" bec="0" bev="0" fileid="13" />
                <SequencePoint vc="1" uspid="1143" ordinal="0" offset="1" sl="27" sc="9" el="27" ec="9" bec="0" bev="0" fileid="13" />
                <SequencePoint vc="1" uspid="1144" ordinal="0" offset="8" sl="28" sc="5" el="28" ec="5" bec="0" bev="0" fileid="13" />
              </SequencePoints>
              <BranchPoints />
            </Method>
            <Method visited="true" cyclomaticComplexity="0" nPathComplexity="0" sequenceCoverage="100.0" branchCoverage="0" crapScore="0" isConstructor="false" isStatic="false" isGetter="false" isSetter="false">
              <Summary numSequencePoints="5" visitedSequencePoints="5" numBranchPoints="0" visitedBranchPoints="0" sequenceCoverage="100.0" branchCoverage="0" maxCyclomaticComplexity="0" minCyclomaticComplexity="0" maxCrapScore="0" minCrapScore="0" visitedClasses="0" numClasses="0" visitedMethods="1" numMethods="1" />
              <MetadataToken>100663326</MetadataToken>
              <Name>System.Void PlataformGenerator::StartGenerate()</Name>
              <FileRef uid="13" />
              <SequencePoints>
                <SequencePoint vc="1" uspid="1145" ordinal="0" offset="0" sl="31" sc="5" el="31" ec="5" bec="0" bev="0" fileid="13" />
                <SequencePoint vc="1" uspid="1146" ordinal="0" offset="1" sl="32" sc="9" el="32" ec="9" bec="0" bev="0" fileid="13" />
                <SequencePoint vc="1" uspid="1147" ordinal="0" offset="13" sl="33" sc="9" el="33" ec="9" bec="0" bev="0" fileid="13" />
                <SequencePoint vc="1" uspid="1148" ordinal="0" offset="45" sl="34" sc="9" el="34" ec="9" bec="0" bev="0" fileid="13" />
                <SequencePoint vc="1" uspid="1149" ordinal="0" offset="63" sl="35" sc="5" el="35" ec="5" bec="0" bev="0" fileid="13" />
              </SequencePoints>
              <BranchPoints />
            </Method>
            <Method visited="true" cyclomaticComplexity="0" nPathComplexity="0" sequenceCoverage="93.33" branchCoverage="0" crapScore="0" isConstructor="false" isStatic="false" isGetter="false" isSetter="false">
              <Summary numSequencePoints="15" visitedSequencePoints="14" numBranchPoints="0" visitedBranchPoints="0" sequenceCoverage="93.33" branchCoverage="0" maxCyclomaticComplexity="0" minCyclomaticComplexity="0" maxCrapScore="0" minCrapScore="0" visitedClasses="0" numClasses="0" visitedMethods="1" numMethods="1" />
              <MetadataToken>100663327</MetadataToken>
              <Name>System.Void PlataformGenerator::Generate()</Name>
              <FileRef uid="13" />
              <SequencePoints>
                <SequencePoint vc="14" uspid="1150" ordinal="0" offset="0" sl="39" sc="5" el="39" ec="5" bec="0" bev="0" fileid="13" />
                <SequencePoint vc="14" uspid="1151" ordinal="0" offset="1" sl="40" sc="9" el="40" ec="9" bec="0" bev="0" fileid="13" />
                <SequencePoint vc="0" uspid="1152" ordinal="0" offset="22" sl="40" sc="43" el="40" ec="43" bec="0" bev="0" fileid="13" />
                <SequencePoint vc="14" uspid="1153" ordinal="0" offset="27" sl="41" sc="9" el="41" ec="9" bec="0" bev="0" fileid="13" />
                <SequencePoint vc="14" uspid="1154" ordinal="0" offset="33" sl="43" sc="9" el="43" ec="9" bec="0" bev="0" fileid="13" />
                <SequencePoint vc="14" uspid="1155" ordinal="0" offset="67" sl="44" sc="9" el="44" ec="9" bec="0" bev="0" fileid="13" />
                <SequencePoint vc="14" uspid="1156" ordinal="0" offset="99" sl="45" sc="9" el="45" ec="9" bec="0" bev="0" fileid="13" />
                <SequencePoint vc="14" uspid="1157" ordinal="0" offset="131" sl="46" sc="9" el="46" ec="9" bec="0" bev="0" fileid="13" />
                <SequencePoint vc="14" uspid="1158" ordinal="0" offset="145" sl="49" sc="9" el="49" ec="9" bec="0" bev="0" fileid="13" />
                <SequencePoint vc="14" uspid="1159" ordinal="0" offset="163" sl="51" sc="9" el="51" ec="9" bec="0" bev="0" fileid="13" />
                <SequencePoint vc="14" uspid="1160" ordinal="0" offset="218" sl="52" sc="9" el="52" ec="9" bec="0" bev="0" fileid="13" />
                <SequencePoint vc="14" uspid="1161" ordinal="0" offset="263" sl="54" sc="9" el="54" ec="9" bec="0" bev="0" fileid="13" />
                <SequencePoint vc="14" uspid="1162" ordinal="0" offset="270" sl="55" sc="9" el="55" ec="9" bec="0" bev="0" fileid="13" />
                <SequencePoint vc="14" uspid="1163" ordinal="0" offset="297" sl="56" sc="9" el="56" ec="9" bec="0" bev="0" fileid="13" />
                <SequencePoint vc="14" uspid="1164" ordinal="0" offset="315" sl="57" sc="5" el="57" ec="5" bec="0" bev="0" fileid="13" />
              </SequencePoints>
              <BranchPoints />
            </Method>
            <Method visited="true" cyclomaticComplexity="0" nPathComplexity="0" sequenceCoverage="100.0" branchCoverage="0" crapScore="0" isConstructor="false" isStatic="false" isGetter="false" isSetter="false">
              <Summary numSequencePoints="3" visitedSequencePoints="3" numBranchPoints="0" visitedBranchPoints="0" sequenceCoverage="100.0" branchCoverage="0" maxCyclomaticComplexity="0" minCyclomaticComplexity="0" maxCrapScore="0" minCrapScore="0" visitedClasses="0" numClasses="0" visitedMethods="1" numMethods="1" />
              <MetadataToken>100663328</MetadataToken>
              <Name>System.Single PlataformGenerator::GetLastEndZPositionPlataform()</Name>
              <FileRef uid="13" />
              <SequencePoints>
                <SequencePoint vc="6098" uspid="1165" ordinal="0" offset="0" sl="60" sc="5" el="60" ec="5" bec="0" bev="0" fileid="13" />
                <SequencePoint vc="6098" uspid="1166" ordinal="0" offset="1" sl="61" sc="9" el="61" ec="9" bec="0" bev="0" fileid="13" />
                <SequencePoint vc="6098" uspid="1167" ordinal="0" offset="10" sl="62" sc="5" el="62" ec="5" bec="0" bev="0" fileid="13" />
              </SequencePoints>
              <BranchPoints />
            </Method>
            <Method visited="true" cyclomaticComplexity="0" nPathComplexity="0" sequenceCoverage="100.0" branchCoverage="0" crapScore="0" isConstructor="false" isStatic="false" isGetter="false" isSetter="false">
              <Summary numSequencePoints="8" visitedSequencePoints="8" numBranchPoints="0" visitedBranchPoints="0" sequenceCoverage="100.0" branchCoverage="0" maxCyclomaticComplexity="0" minCyclomaticComplexity="0" maxCrapScore="0" minCrapScore="0" visitedClasses="0" numClasses="0" visitedMethods="1" numMethods="1" />
              <MetadataToken>100663329</MetadataToken>
              <Name>System.Void PlataformGenerator::Update()</Name>
              <FileRef uid="13" />
              <SequencePoints>
                <SequencePoint vc="6098" uspid="1168" ordinal="0" offset="0" sl="65" sc="5" el="65" ec="5" bec="0" bev="0" fileid="13" />
                <SequencePoint vc="6098" uspid="1169" ordinal="0" offset="1" sl="66" sc="9" el="66" ec="9" bec="0" bev="0" fileid="13" />
                <SequencePoint vc="5" uspid="1170" ordinal="0" offset="24" sl="67" sc="9" el="67" ec="9" bec="0" bev="0" fileid="13" />
                <SequencePoint vc="5" uspid="1171" ordinal="0" offset="25" sl="68" sc="13" el="68" ec="13" bec="0" bev="0" fileid="13" />
                <SequencePoint vc="5" uspid="1172" ordinal="0" offset="38" sl="69" sc="13" el="69" ec="13" bec="0" bev="0" fileid="13" />
                <SequencePoint vc="5" uspid="1173" ordinal="0" offset="51" sl="70" sc="13" el="70" ec="13" bec="0" bev="0" fileid="13" />
                <SequencePoint vc="5" uspid="1174" ordinal="0" offset="63" sl="72" sc="9" el="72" ec="9" bec="0" bev="0" fileid="13" />
                <SequencePoint vc="6098" uspid="1175" ordinal="0" offset="64" sl="73" sc="5" el="73" ec="5" bec="0" bev="0" fileid="13" />
              </SequencePoints>
              <BranchPoints />
            </Method>
            <Method visited="true" cyclomaticComplexity="0" nPathComplexity="0" sequenceCoverage="100.0" branchCoverage="0" crapScore="0" isConstructor="true" isStatic="false" isGetter="false" isSetter="false">
              <Summary numSequencePoints="1" visitedSequencePoints="1" numBranchPoints="0" visitedBranchPoints="0" sequenceCoverage="100.0" branchCoverage="0" maxCyclomaticComplexity="0" minCyclomaticComplexity="0" maxCrapScore="0" minCrapScore="0" visitedClasses="0" numClasses="0" visitedMethods="1" numMethods="1" />
              <MetadataToken>100663330</MetadataToken>
              <Name>PlataformGenerator::PlataformGenerator()</Name>
              <FileRef uid="13" />
              <SequencePoints>
                <SequencePoint vc="2" uspid="1176" ordinal="0" offset="0" sl="12" sc="5" el="12" ec="5" bec="0" bev="0" fileid="13" />
              </SequencePoints>
              <BranchPoints />
            </Method>
          </Methods>
        </Class>
        <Class>
          <Summary numSequencePoints="68" visitedSequencePoints="63" numBranchPoints="0" visitedBranchPoints="0" sequenceCoverage="92.65" branchCoverage="0.0" maxCyclomaticComplexity="0" minCyclomaticComplexity="0" maxCrapScore="0" minCrapScore="0" visitedClasses="1" numClasses="1" visitedMethods="11" numMethods="11" />
          <FullName>Player</FullName>
          <Methods>
            <Method visited="true" cyclomaticComplexity="0" nPathComplexity="0" sequenceCoverage="100.0" branchCoverage="0" crapScore="0" isConstructor="false" isStatic="false" isGetter="false" isSetter="false">
              <Summary numSequencePoints="5" visitedSequencePoints="5" numBranchPoints="0" visitedBranchPoints="0" sequenceCoverage="100.0" branchCoverage="0" maxCyclomaticComplexity="0" minCyclomaticComplexity="0" maxCrapScore="0" minCrapScore="0" visitedClasses="0" numClasses="0" visitedMethods="1" numMethods="1" />
              <MetadataToken>100663349</MetadataToken>
              <Name>System.Void Player::Awake()</Name>
              <FileRef uid="15" />
              <SequencePoints>
                <SequencePoint vc="1" uspid="1220" ordinal="0" offset="0" sl="59" sc="5" el="59" ec="5" bec="0" bev="0" fileid="15" />
                <SequencePoint vc="1" uspid="1221" ordinal="0" offset="1" sl="60" sc="9" el="60" ec="9" bec="0" bev="0" fileid="15" />
                <SequencePoint vc="1" uspid="1222" ordinal="0" offset="8" sl="61" sc="9" el="61" ec="9" bec="0" bev="0" fileid="15" />
                <SequencePoint vc="1" uspid="1223" ordinal="0" offset="47" sl="62" sc="9" el="62" ec="9" bec="0" bev="0" fileid="15" />
                <SequencePoint vc="1" uspid="1224" ordinal="0" offset="69" sl="63" sc="5" el="63" ec="5" bec="0" bev="0" fileid="15" />
              </SequencePoints>
              <BranchPoints />
            </Method>
            <Method visited="true" cyclomaticComplexity="0" nPathComplexity="0" sequenceCoverage="100.0" branchCoverage="0" crapScore="0" isConstructor="false" isStatic="false" isGetter="false" isSetter="false">
              <Summary numSequencePoints="8" visitedSequencePoints="8" numBranchPoints="0" visitedBranchPoints="0" sequenceCoverage="100.0" branchCoverage="0" maxCyclomaticComplexity="0" minCyclomaticComplexity="0" maxCrapScore="0" minCrapScore="0" visitedClasses="0" numClasses="0" visitedMethods="1" numMethods="1" />
              <MetadataToken>100663350</MetadataToken>
              <Name>System.Void Player::InitStateMachine()</Name>
              <FileRef uid="15" />
              <SequencePoints>
                <SequencePoint vc="1" uspid="1225" ordinal="0" offset="0" sl="66" sc="5" el="66" ec="5" bec="0" bev="0" fileid="15" />
                <SequencePoint vc="1" uspid="1226" ordinal="0" offset="1" sl="67" sc="9" el="67" ec="9" bec="0" bev="0" fileid="15" />
                <SequencePoint vc="1" uspid="1227" ordinal="0" offset="12" sl="68" sc="9" el="68" ec="9" bec="0" bev="0" fileid="15" />
                <SequencePoint vc="1" uspid="1228" ordinal="0" offset="24" sl="69" sc="9" el="69" ec="9" bec="0" bev="0" fileid="15" />
                <SequencePoint vc="1" uspid="1229" ordinal="0" offset="42" sl="70" sc="9" el="70" ec="9" bec="0" bev="0" fileid="15" />
                <SequencePoint vc="1" uspid="1230" ordinal="0" offset="72" sl="71" sc="9" el="71" ec="9" bec="0" bev="0" fileid="15" />
                <SequencePoint vc="1" uspid="1231" ordinal="0" offset="96" sl="72" sc="9" el="72" ec="9" bec="0" bev="0" fileid="15" />
                <SequencePoint vc="1" uspid="1232" ordinal="0" offset="114" sl="73" sc="5" el="73" ec="5" bec="0" bev="0" fileid="15" />
              </SequencePoints>
              <BranchPoints />
            </Method>
            <Method visited="true" cyclomaticComplexity="0" nPathComplexity="0" sequenceCoverage="100.0" branchCoverage="0" crapScore="0" isConstructor="false" isStatic="false" isGetter="false" isSetter="false">
              <Summary numSequencePoints="3" visitedSequencePoints="3" numBranchPoints="0" visitedBranchPoints="0" sequenceCoverage="100.0" branchCoverage="0" maxCyclomaticComplexity="0" minCyclomaticComplexity="0" maxCrapScore="0" minCrapScore="0" visitedClasses="0" numClasses="0" visitedMethods="1" numMethods="1" />
              <MetadataToken>100663351</MetadataToken>
              <Name>System.Void Player::Start()</Name>
              <FileRef uid="15" />
              <SequencePoints>
                <SequencePoint vc="1" uspid="1233" ordinal="0" offset="0" sl="76" sc="5" el="76" ec="5" bec="0" bev="0" fileid="15" />
                <SequencePoint vc="1" uspid="1234" ordinal="0" offset="1" sl="77" sc="9" el="77" ec="9" bec="0" bev="0" fileid="15" />
                <SequencePoint vc="1" uspid="1235" ordinal="0" offset="8" sl="78" sc="5" el="78" ec="5" bec="0" bev="0" fileid="15" />
              </SequencePoints>
              <BranchPoints />
            </Method>
            <Method visited="true" cyclomaticComplexity="0" nPathComplexity="0" sequenceCoverage="100.0" branchCoverage="0" crapScore="0" isConstructor="false" isStatic="false" isGetter="false" isSetter="false">
              <Summary numSequencePoints="3" visitedSequencePoints="3" numBranchPoints="0" visitedBranchPoints="0" sequenceCoverage="100.0" branchCoverage="0" maxCyclomaticComplexity="0" minCyclomaticComplexity="0" maxCrapScore="0" minCrapScore="0" visitedClasses="0" numClasses="0" visitedMethods="1" numMethods="1" />
              <MetadataToken>100663352</MetadataToken>
              <Name>System.Void Player::Update()</Name>
              <FileRef uid="15" />
              <SequencePoints>
                <SequencePoint vc="6098" uspid="1236" ordinal="0" offset="0" sl="82" sc="5" el="82" ec="5" bec="0" bev="0" fileid="15" />
                <SequencePoint vc="6098" uspid="1237" ordinal="0" offset="1" sl="83" sc="9" el="83" ec="9" bec="0" bev="0" fileid="15" />
                <SequencePoint vc="6098" uspid="1238" ordinal="0" offset="8" sl="84" sc="5" el="84" ec="5" bec="0" bev="0" fileid="15" />
              </SequencePoints>
              <BranchPoints />
            </Method>
            <Method visited="true" cyclomaticComplexity="0" nPathComplexity="0" sequenceCoverage="88.57" branchCoverage="0" crapScore="0" isConstructor="false" isStatic="false" isGetter="false" isSetter="false">
              <Summary numSequencePoints="35" visitedSequencePoints="31" numBranchPoints="0" visitedBranchPoints="0" sequenceCoverage="88.57" branchCoverage="0" maxCyclomaticComplexity="0" minCyclomaticComplexity="0" maxCrapScore="0" minCrapScore="0" visitedClasses="0" numClasses="0" visitedMethods="1" numMethods="1" />
              <MetadataToken>100663353</MetadataToken>
              <Name>System.Void Player::Movements()</Name>
              <FileRef uid="15" />
              <SequencePoints>
                <SequencePoint vc="6098" uspid="1239" ordinal="0" offset="0" sl="87" sc="5" el="87" ec="5" bec="0" bev="0" fileid="15" />
                <SequencePoint vc="6098" uspid="1240" ordinal="0" offset="1" sl="88" sc="9" el="88" ec="9" bec="0" bev="0" fileid="15" />
                <SequencePoint vc="6098" uspid="1241" ordinal="0" offset="17" sl="89" sc="9" el="89" ec="9" bec="0" bev="0" fileid="15" />
                <SequencePoint vc="6098" uspid="1242" ordinal="0" offset="18" sl="90" sc="13" el="90" ec="13" bec="0" bev="0" fileid="15" />
                <SequencePoint vc="6010" uspid="1243" ordinal="0" offset="28" sl="91" sc="13" el="91" ec="13" bec="0" bev="0" fileid="15" />
                <SequencePoint vc="6010" uspid="1244" ordinal="0" offset="29" sl="92" sc="17" el="92" ec="17" bec="0" bev="0" fileid="15" />
                <SequencePoint vc="6010" uspid="1245" ordinal="0" offset="36" sl="93" sc="17" el="93" ec="17" bec="0" bev="0" fileid="15" />
                <SequencePoint vc="3988" uspid="1246" ordinal="0" offset="46" sl="94" sc="17" el="94" ec="17" bec="0" bev="0" fileid="15" />
                <SequencePoint vc="3988" uspid="1247" ordinal="0" offset="47" sl="95" sc="21" el="95" ec="21" bec="0" bev="0" fileid="15" />
                <SequencePoint vc="14" uspid="1248" ordinal="0" offset="57" sl="96" sc="21" el="96" ec="21" bec="0" bev="0" fileid="15" />
                <SequencePoint vc="14" uspid="1249" ordinal="0" offset="58" sl="97" sc="25" el="97" ec="25" bec="0" bev="0" fileid="15" />
                <SequencePoint vc="14" uspid="1250" ordinal="0" offset="65" sl="98" sc="25" el="98" ec="25" bec="0" bev="0" fileid="15" />
                <SequencePoint vc="14" uspid="1251" ordinal="0" offset="83" sl="99" sc="21" el="99" ec="21" bec="0" bev="0" fileid="15" />
                <SequencePoint vc="3988" uspid="1252" ordinal="0" offset="84" sl="101" sc="21" el="101" ec="21" bec="0" bev="0" fileid="15" />
                <SequencePoint vc="13" uspid="1253" ordinal="0" offset="109" sl="102" sc="21" el="102" ec="21" bec="0" bev="0" fileid="15" />
                <SequencePoint vc="13" uspid="1254" ordinal="0" offset="110" sl="103" sc="25" el="103" ec="25" bec="0" bev="0" fileid="15" />
                <SequencePoint vc="13" uspid="1255" ordinal="0" offset="128" sl="104" sc="21" el="104" ec="21" bec="0" bev="0" fileid="15" />
                <SequencePoint vc="3988" uspid="1256" ordinal="0" offset="129" sl="105" sc="17" el="105" ec="17" bec="0" bev="0" fileid="15" />
                <SequencePoint vc="6010" uspid="1257" ordinal="0" offset="130" sl="106" sc="13" el="106" ec="13" bec="0" bev="0" fileid="15" />
                <SequencePoint vc="88" uspid="1258" ordinal="0" offset="133" sl="107" sc="18" el="107" ec="18" bec="0" bev="0" fileid="15" />
                <SequencePoint vc="0" uspid="1259" ordinal="0" offset="145" sl="108" sc="13" el="108" ec="13" bec="0" bev="0" fileid="15" />
                <SequencePoint vc="0" uspid="1260" ordinal="0" offset="146" sl="109" sc="17" el="109" ec="17" bec="0" bev="0" fileid="15" />
                <SequencePoint vc="0" uspid="1261" ordinal="0" offset="164" sl="110" sc="17" el="110" ec="17" bec="0" bev="0" fileid="15" />
                <SequencePoint vc="0" uspid="1262" ordinal="0" offset="171" sl="111" sc="13" el="111" ec="13" bec="0" bev="0" fileid="15" />
                <SequencePoint vc="6098" uspid="1263" ordinal="0" offset="172" sl="112" sc="9" el="112" ec="9" bec="0" bev="0" fileid="15" />
                <SequencePoint vc="6098" uspid="1264" ordinal="0" offset="173" sl="114" sc="9" el="114" ec="9" bec="0" bev="0" fileid="15" />
                <SequencePoint vc="2082" uspid="1265" ordinal="0" offset="188" sl="115" sc="9" el="115" ec="9" bec="0" bev="0" fileid="15" />
                <SequencePoint vc="2082" uspid="1266" ordinal="0" offset="189" sl="116" sc="13" el="116" ec="13" bec="0" bev="0" fileid="15" />
                <SequencePoint vc="2082" uspid="1267" ordinal="0" offset="216" sl="117" sc="9" el="117" ec="9" bec="0" bev="0" fileid="15" />
                <SequencePoint vc="4016" uspid="1268" ordinal="0" offset="219" sl="118" sc="14" el="118" ec="14" bec="0" bev="0" fileid="15" />
                <SequencePoint vc="28" uspid="1269" ordinal="0" offset="234" sl="119" sc="9" el="119" ec="9" bec="0" bev="0" fileid="15" />
                <SequencePoint vc="28" uspid="1270" ordinal="0" offset="235" sl="120" sc="13" el="120" ec="13" bec="0" bev="0" fileid="15" />
                <SequencePoint vc="28" uspid="1271" ordinal="0" offset="251" sl="121" sc="9" el="121" ec="9" bec="0" bev="0" fileid="15" />
                <SequencePoint vc="6098" uspid="1272" ordinal="0" offset="252" sl="123" sc="9" el="123" ec="9" bec="0" bev="0" fileid="15" />
                <SequencePoint vc="6098" uspid="1273" ordinal="0" offset="280" sl="124" sc="5" el="124" ec="5" bec="0" bev="0" fileid="15" />
              </SequencePoints>
              <BranchPoints />
            </Method>
            <Method visited="true" cyclomaticComplexity="0" nPathComplexity="0" sequenceCoverage="75.00" branchCoverage="0" crapScore="0" isConstructor="false" isStatic="false" isGetter="false" isSetter="false">
              <Summary numSequencePoints="4" visitedSequencePoints="3" numBranchPoints="0" visitedBranchPoints="0" sequenceCoverage="75.00" branchCoverage="0" maxCyclomaticComplexity="0" minCyclomaticComplexity="0" maxCrapScore="0" minCrapScore="0" visitedClasses="0" numClasses="0" visitedMethods="1" numMethods="1" />
              <MetadataToken>100663354</MetadataToken>
              <Name>System.Void Player::OnTriggerEnter(UnityEngine.Collider)</Name>
              <FileRef uid="15" />
              <SequencePoints>
                <SequencePoint vc="69" uspid="1274" ordinal="0" offset="0" sl="127" sc="5" el="127" ec="5" bec="0" bev="0" fileid="15" />
                <SequencePoint vc="69" uspid="1275" ordinal="0" offset="1" sl="128" sc="9" el="128" ec="9" bec="0" bev="0" fileid="15" />
                <SequencePoint vc="0" uspid="1276" ordinal="0" offset="26" sl="128" sc="49" el="128" ec="49" bec="0" bev="0" fileid="15" />
                <SequencePoint vc="69" uspid="1277" ordinal="0" offset="33" sl="129" sc="5" el="129" ec="5" bec="0" bev="0" fileid="15" />
              </SequencePoints>
              <BranchPoints />
            </Method>
            <Method visited="true" cyclomaticComplexity="0" nPathComplexity="0" sequenceCoverage="100.0" branchCoverage="0" crapScore="0" isConstructor="false" isStatic="false" isGetter="false" isSetter="false">
              <Summary numSequencePoints="1" visitedSequencePoints="1" numBranchPoints="0" visitedBranchPoints="0" sequenceCoverage="100.0" branchCoverage="0" maxCyclomaticComplexity="0" minCyclomaticComplexity="0" maxCrapScore="0" minCrapScore="0" visitedClasses="0" numClasses="0" visitedMethods="1" numMethods="1" />
              <MetadataToken>100663360</MetadataToken>
              <Name>System.Single Player::GetPlayerTravelledDistance()</Name>
              <FileRef uid="15" />
              <SequencePoints>
                <SequencePoint vc="6098" uspid="1321" ordinal="0" offset="0" sl="185" sc="50" el="185" ec="50" bec="0" bev="0" fileid="15" />
              </SequencePoints>
              <BranchPoints />
            </Method>
            <Method visited="true" cyclomaticComplexity="0" nPathComplexity="0" sequenceCoverage="100.0" branchCoverage="0" crapScore="0" isConstructor="false" isStatic="false" isGetter="false" isSetter="false">
              <Summary numSequencePoints="1" visitedSequencePoints="1" numBranchPoints="0" visitedBranchPoints="0" sequenceCoverage="100.0" branchCoverage="0" maxCyclomaticComplexity="0" minCyclomaticComplexity="0" maxCrapScore="0" minCrapScore="0" visitedClasses="0" numClasses="0" visitedMethods="1" numMethods="1" />
              <MetadataToken>100663361</MetadataToken>
              <Name>System.Single Player::GetCurrentZPosition()</Name>
              <FileRef uid="15" />
              <SequencePoints>
                <SequencePoint vc="6098" uspid="1322" ordinal="0" offset="0" sl="186" sc="43" el="186" ec="43" bec="0" bev="0" fileid="15" />
              </SequencePoints>
              <BranchPoints />
            </Method>
            <Method visited="true" cyclomaticComplexity="0" nPathComplexity="0" sequenceCoverage="100.0" branchCoverage="0" crapScore="0" isConstructor="false" isStatic="false" isGetter="false" isSetter="false">
              <Summary numSequencePoints="1" visitedSequencePoints="1" numBranchPoints="0" visitedBranchPoints="0" sequenceCoverage="100.0" branchCoverage="0" maxCyclomaticComplexity="0" minCyclomaticComplexity="0" maxCrapScore="0" minCrapScore="0" visitedClasses="0" numClasses="0" visitedMethods="1" numMethods="1" />
              <MetadataToken>100663362</MetadataToken>
              <Name>System.Void Player::SetOnceAnimationBool(System.Boolean)</Name>
              <FileRef uid="15" />
              <SequencePoints>
                <SequencePoint vc="13" uspid="1323" ordinal="0" offset="0" sl="187" sc="53" el="187" ec="53" bec="0" bev="0" fileid="15" />
              </SequencePoints>
              <BranchPoints />
            </Method>
            <Method visited="true" cyclomaticComplexity="0" nPathComplexity="0" sequenceCoverage="100.0" branchCoverage="0" crapScore="0" isConstructor="false" isStatic="false" isGetter="false" isSetter="false">
              <Summary numSequencePoints="1" visitedSequencePoints="1" numBranchPoints="0" visitedBranchPoints="0" sequenceCoverage="100.0" branchCoverage="0" maxCyclomaticComplexity="0" minCyclomaticComplexity="0" maxCrapScore="0" minCrapScore="0" visitedClasses="0" numClasses="0" visitedMethods="1" numMethods="1" />
              <MetadataToken>100663364</MetadataToken>
              <Name>System.Boolean Player::IsGrounded()</Name>
              <FileRef uid="15" />
              <SequencePoints>
                <SequencePoint vc="12108" uspid="1325" ordinal="0" offset="0" sl="189" sc="34" el="189" ec="34" bec="0" bev="0" fileid="15" />
              </SequencePoints>
              <BranchPoints />
            </Method>
            <Method visited="true" cyclomaticComplexity="0" nPathComplexity="0" sequenceCoverage="100.0" branchCoverage="0" crapScore="0" isConstructor="true" isStatic="false" isGetter="false" isSetter="false">
              <Summary numSequencePoints="6" visitedSequencePoints="6" numBranchPoints="0" visitedBranchPoints="0" sequenceCoverage="100.0" branchCoverage="0" maxCyclomaticComplexity="0" minCyclomaticComplexity="0" maxCrapScore="0" minCrapScore="0" visitedClasses="0" numClasses="0" visitedMethods="1" numMethods="1" />
              <MetadataToken>100663365</MetadataToken>
              <Name>Player::Player()</Name>
              <FileRef uid="15" />
              <SequencePoints>
                <SequencePoint vc="1" uspid="1326" ordinal="0" offset="0" sl="29" sc="5" el="29" ec="5" bec="0" bev="0" fileid="15" />
                <SequencePoint vc="1" uspid="1327" ordinal="0" offset="11" sl="30" sc="32" el="30" ec="32" bec="0" bev="0" fileid="15" />
                <SequencePoint vc="1" uspid="1328" ordinal="0" offset="18" sl="38" sc="5" el="38" ec="5" bec="0" bev="0" fileid="15" />
                <SequencePoint vc="1" uspid="1329" ordinal="0" offset="29" sl="39" sc="5" el="39" ec="5" bec="0" bev="0" fileid="15" />
                <SequencePoint vc="1" uspid="1330" ordinal="0" offset="40" sl="45" sc="5" el="45" ec="5" bec="0" bev="0" fileid="15" />
                <SequencePoint vc="1" uspid="1331" ordinal="0" offset="51" sl="49" sc="5" el="49" ec="5" bec="0" bev="0" fileid="15" />
              </SequencePoints>
              <BranchPoints />
            </Method>
          </Methods>
        </Class>
        <Class>
          <Summary numSequencePoints="7" visitedSequencePoints="7" numBranchPoints="0" visitedBranchPoints="0" sequenceCoverage="100.0" branchCoverage="0.0" maxCyclomaticComplexity="0" minCyclomaticComplexity="0" maxCrapScore="0" minCrapScore="0" visitedClasses="1" numClasses="1" visitedMethods="1" numMethods="1" />
          <FullName>PlayerStateDead</FullName>
          <Methods>
            <Method visited="true" cyclomaticComplexity="0" nPathComplexity="0" sequenceCoverage="100.0" branchCoverage="0" crapScore="0" isConstructor="true" isStatic="false" isGetter="false" isSetter="false">
              <Summary numSequencePoints="7" visitedSequencePoints="7" numBranchPoints="0" visitedBranchPoints="0" sequenceCoverage="100.0" branchCoverage="0" maxCyclomaticComplexity="0" minCyclomaticComplexity="0" maxCrapScore="0" minCrapScore="0" visitedClasses="0" numClasses="0" visitedMethods="1" numMethods="1" />
              <MetadataToken>100663366</MetadataToken>
              <Name>PlayerStateDead::PlayerStateDead()</Name>
              <FileRef uid="16" />
              <SequencePoints>
                <SequencePoint vc="1" uspid="1342" ordinal="0" offset="0" sl="10" sc="5" el="10" ec="5" bec="0" bev="0" fileid="16" />
                <SequencePoint vc="1" uspid="1343" ordinal="0" offset="11" sl="15" sc="5" el="15" ec="5" bec="0" bev="0" fileid="16" />
                <SequencePoint vc="1" uspid="1344" ordinal="0" offset="18" sl="16" sc="5" el="16" ec="5" bec="0" bev="0" fileid="16" />
                <SequencePoint vc="1" uspid="1345" ordinal="0" offset="19" sl="17" sc="9" el="17" ec="9" bec="0" bev="0" fileid="16" />
                <SequencePoint vc="1" uspid="1346" ordinal="0" offset="36" sl="18" sc="9" el="18" ec="9" bec="0" bev="0" fileid="16" />
                <SequencePoint vc="1" uspid="1347" ordinal="0" offset="59" sl="19" sc="9" el="19" ec="9" bec="0" bev="0" fileid="16" />
                <SequencePoint vc="1" uspid="1348" ordinal="0" offset="76" sl="20" sc="5" el="20" ec="5" bec="0" bev="0" fileid="16" />
              </SequencePoints>
              <BranchPoints />
            </Method>
          </Methods>
        </Class>
        <Class>
          <Summary numSequencePoints="6" visitedSequencePoints="6" numBranchPoints="0" visitedBranchPoints="0" sequenceCoverage="100.0" branchCoverage="0.0" maxCyclomaticComplexity="0" minCyclomaticComplexity="0" maxCrapScore="0" minCrapScore="0" visitedClasses="1" numClasses="1" visitedMethods="1" numMethods="1" />
          <FullName>PlayerStateIdle</FullName>
          <Methods>
            <Method visited="true" cyclomaticComplexity="0" nPathComplexity="0" sequenceCoverage="100.0" branchCoverage="0" crapScore="0" isConstructor="true" isStatic="false" isGetter="false" isSetter="false">
              <Summary numSequencePoints="6" visitedSequencePoints="6" numBranchPoints="0" visitedBranchPoints="0" sequenceCoverage="100.0" branchCoverage="0" maxCyclomaticComplexity="0" minCyclomaticComplexity="0" maxCrapScore="0" minCrapScore="0" visitedClasses="0" numClasses="0" visitedMethods="1" numMethods="1" />
              <MetadataToken>100663369</MetadataToken>
              <Name>PlayerStateIdle::PlayerStateIdle()</Name>
              <FileRef uid="17" />
              <SequencePoints>
                <SequencePoint vc="1" uspid="1360" ordinal="0" offset="0" sl="12" sc="5" el="12" ec="5" bec="0" bev="0" fileid="17" />
                <SequencePoint vc="1" uspid="1361" ordinal="0" offset="11" sl="14" sc="5" el="14" ec="5" bec="0" bev="0" fileid="17" />
                <SequencePoint vc="1" uspid="1362" ordinal="0" offset="18" sl="15" sc="5" el="15" ec="5" bec="0" bev="0" fileid="17" />
                <SequencePoint vc="1" uspid="1363" ordinal="0" offset="19" sl="16" sc="9" el="16" ec="9" bec="0" bev="0" fileid="17" />
                <SequencePoint vc="1" uspid="1364" ordinal="0" offset="36" sl="17" sc="9" el="17" ec="9" bec="0" bev="0" fileid="17" />
                <SequencePoint vc="1" uspid="1365" ordinal="0" offset="59" sl="18" sc="5" el="18" ec="5" bec="0" bev="0" fileid="17" />
              </SequencePoints>
              <BranchPoints />
            </Method>
          </Methods>
        </Class>
        <Class>
          <Summary numSequencePoints="24" visitedSequencePoints="21" numBranchPoints="0" visitedBranchPoints="0" sequenceCoverage="87.50" branchCoverage="0.0" maxCyclomaticComplexity="0" minCyclomaticComplexity="0" maxCrapScore="0" minCrapScore="0" visitedClasses="1" numClasses="1" visitedMethods="4" numMethods="4" />
          <FullName>PlayerStateJump</FullName>
          <Methods>
            <Method visited="true" cyclomaticComplexity="0" nPathComplexity="0" sequenceCoverage="100.0" branchCoverage="0" crapScore="0" isConstructor="false" isStatic="false" isGetter="false" isSetter="false">
              <Summary numSequencePoints="6" visitedSequencePoints="6" numBranchPoints="0" visitedBranchPoints="0" sequenceCoverage="100.0" branchCoverage="0" maxCyclomaticComplexity="0" minCyclomaticComplexity="0" maxCrapScore="0" minCrapScore="0" visitedClasses="0" numClasses="0" visitedMethods="1" numMethods="1" />
              <MetadataToken>100663373</MetadataToken>
              <Name>System.Void PlayerStateJump::OnStateEnter(System.Object[])</Name>
              <FileRef uid="18" />
              <SequencePoints>
                <SequencePoint vc="13" uspid="1366" ordinal="0" offset="0" sl="23" sc="5" el="23" ec="5" bec="0" bev="0" fileid="18" />
                <SequencePoint vc="13" uspid="1367" ordinal="0" offset="1" sl="24" sc="9" el="24" ec="9" bec="0" bev="0" fileid="18" />
                <SequencePoint vc="13" uspid="1368" ordinal="0" offset="9" sl="25" sc="9" el="25" ec="9" bec="0" bev="0" fileid="18" />
                <SequencePoint vc="13" uspid="1369" ordinal="0" offset="31" sl="26" sc="9" el="26" ec="9" bec="0" bev="0" fileid="18" />
                <SequencePoint vc="13" uspid="1370" ordinal="0" offset="66" sl="27" sc="9" el="27" ec="9" bec="0" bev="0" fileid="18" />
                <SequencePoint vc="13" uspid="1371" ordinal="0" offset="89" sl="29" sc="5" el="29" ec="5" bec="0" bev="0" fileid="18" />
              </SequencePoints>
              <BranchPoints />
            </Method>
            <Method visited="true" cyclomaticComplexity="0" nPathComplexity="0" sequenceCoverage="100.0" branchCoverage="0" crapScore="0" isConstructor="false" isStatic="false" isGetter="false" isSetter="false">
              <Summary numSequencePoints="3" visitedSequencePoints="3" numBranchPoints="0" visitedBranchPoints="0" sequenceCoverage="100.0" branchCoverage="0" maxCyclomaticComplexity="0" minCyclomaticComplexity="0" maxCrapScore="0" minCrapScore="0" visitedClasses="0" numClasses="0" visitedMethods="1" numMethods="1" />
              <MetadataToken>100663374</MetadataToken>
              <Name>System.Void PlayerStateJump::PlayAnimation(System.String)</Name>
              <FileRef uid="18" />
              <SequencePoints>
                <SequencePoint vc="13" uspid="1372" ordinal="0" offset="0" sl="32" sc="5" el="32" ec="5" bec="0" bev="0" fileid="18" />
                <SequencePoint vc="13" uspid="1373" ordinal="0" offset="1" sl="33" sc="9" el="33" ec="9" bec="0" bev="0" fileid="18" />
                <SequencePoint vc="13" uspid="1374" ordinal="0" offset="19" sl="34" sc="5" el="34" ec="5" bec="0" bev="0" fileid="18" />
              </SequencePoints>
              <BranchPoints />
            </Method>
            <Method visited="true" cyclomaticComplexity="0" nPathComplexity="0" sequenceCoverage="57.14" branchCoverage="0" crapScore="0" isConstructor="false" isStatic="false" isGetter="false" isSetter="false">
              <Summary numSequencePoints="7" visitedSequencePoints="4" numBranchPoints="0" visitedBranchPoints="0" sequenceCoverage="57.14" branchCoverage="0" maxCyclomaticComplexity="0" minCyclomaticComplexity="0" maxCrapScore="0" minCrapScore="0" visitedClasses="0" numClasses="0" visitedMethods="1" numMethods="1" />
              <MetadataToken>100663375</MetadataToken>
              <Name>System.Void PlayerStateJump::OnStateExit()</Name>
              <FileRef uid="18" />
              <SequencePoints>
                <SequencePoint vc="13" uspid="1375" ordinal="0" offset="0" sl="37" sc="5" el="37" ec="5" bec="0" bev="0" fileid="18" />
                <SequencePoint vc="13" uspid="1376" ordinal="0" offset="1" sl="38" sc="9" el="38" ec="9" bec="0" bev="0" fileid="18" />
                <SequencePoint vc="13" uspid="1377" ordinal="0" offset="8" sl="39" sc="9" el="39" ec="9" bec="0" bev="0" fileid="18" />
                <SequencePoint vc="0" uspid="1378" ordinal="0" offset="26" sl="40" sc="9" el="40" ec="9" bec="0" bev="0" fileid="18" />
                <SequencePoint vc="0" uspid="1379" ordinal="0" offset="27" sl="41" sc="13" el="41" ec="13" bec="0" bev="0" fileid="18" />
                <SequencePoint vc="0" uspid="1380" ordinal="0" offset="39" sl="42" sc="9" el="42" ec="9" bec="0" bev="0" fileid="18" />
                <SequencePoint vc="13" uspid="1381" ordinal="0" offset="40" sl="43" sc="5" el="43" ec="5" bec="0" bev="0" fileid="18" />
              </SequencePoints>
              <BranchPoints />
            </Method>
            <Method visited="true" cyclomaticComplexity="0" nPathComplexity="0" sequenceCoverage="100.0" branchCoverage="0" crapScore="0" isConstructor="true" isStatic="false" isGetter="false" isSetter="false">
              <Summary numSequencePoints="8" visitedSequencePoints="8" numBranchPoints="0" visitedBranchPoints="0" sequenceCoverage="100.0" branchCoverage="0" maxCyclomaticComplexity="0" minCyclomaticComplexity="0" maxCrapScore="0" minCrapScore="0" visitedClasses="0" numClasses="0" visitedMethods="1" numMethods="1" />
              <MetadataToken>100663372</MetadataToken>
              <Name>PlayerStateJump::PlayerStateJump(System.Single)</Name>
              <FileRef uid="18" />
              <SequencePoints>
                <SequencePoint vc="1" uspid="1382" ordinal="0" offset="0" sl="10" sc="5" el="10" ec="5" bec="0" bev="0" fileid="18" />
                <SequencePoint vc="1" uspid="1383" ordinal="0" offset="11" sl="15" sc="5" el="15" ec="5" bec="0" bev="0" fileid="18" />
                <SequencePoint vc="1" uspid="1384" ordinal="0" offset="18" sl="16" sc="5" el="16" ec="5" bec="0" bev="0" fileid="18" />
                <SequencePoint vc="1" uspid="1385" ordinal="0" offset="19" sl="17" sc="9" el="17" ec="9" bec="0" bev="0" fileid="18" />
                <SequencePoint vc="1" uspid="1386" ordinal="0" offset="26" sl="18" sc="9" el="18" ec="9" bec="0" bev="0" fileid="18" />
                <SequencePoint vc="1" uspid="1387" ordinal="0" offset="43" sl="19" sc="9" el="19" ec="9" bec="0" bev="0" fileid="18" />
                <SequencePoint vc="1" uspid="1388" ordinal="0" offset="66" sl="20" sc="9" el="20" ec="9" bec="0" bev="0" fileid="18" />
                <SequencePoint vc="1" uspid="1389" ordinal="0" offset="83" sl="21" sc="5" el="21" ec="5" bec="0" bev="0" fileid="18" />
              </SequencePoints>
              <BranchPoints />
            </Method>
          </Methods>
        </Class>
        <Class>
          <Summary numSequencePoints="22" visitedSequencePoints="22" numBranchPoints="0" visitedBranchPoints="0" sequenceCoverage="100.0" branchCoverage="0.0" maxCyclomaticComplexity="0" minCyclomaticComplexity="0" maxCrapScore="0" minCrapScore="0" visitedClasses="1" numClasses="1" visitedMethods="4" numMethods="4" />
          <FullName>PlayerStateRunning</FullName>
          <Methods>
            <Method visited="true" cyclomaticComplexity="0" nPathComplexity="0" sequenceCoverage="100.0" branchCoverage="0" crapScore="0" isConstructor="false" isStatic="false" isGetter="false" isSetter="false">
              <Summary numSequencePoints="6" visitedSequencePoints="6" numBranchPoints="0" visitedBranchPoints="0" sequenceCoverage="100.0" branchCoverage="0" maxCyclomaticComplexity="0" minCyclomaticComplexity="0" maxCrapScore="0" minCrapScore="0" visitedClasses="0" numClasses="0" visitedMethods="1" numMethods="1" />
              <MetadataToken>100663377</MetadataToken>
              <Name>System.Void PlayerStateRunning::OnStateEnter(System.Object[])</Name>
              <FileRef uid="19" />
              <SequencePoints>
                <SequencePoint vc="14" uspid="1390" ordinal="0" offset="0" sl="23" sc="5" el="23" ec="5" bec="0" bev="0" fileid="19" />
                <SequencePoint vc="14" uspid="1391" ordinal="0" offset="1" sl="24" sc="9" el="24" ec="9" bec="0" bev="0" fileid="19" />
                <SequencePoint vc="14" uspid="1392" ordinal="0" offset="9" sl="25" sc="9" el="25" ec="9" bec="0" bev="0" fileid="19" />
                <SequencePoint vc="14" uspid="1393" ordinal="0" offset="42" sl="26" sc="9" el="26" ec="9" bec="0" bev="0" fileid="19" />
                <SequencePoint vc="14" uspid="1394" ordinal="0" offset="57" sl="27" sc="13" el="27" ec="13" bec="0" bev="0" fileid="19" />
                <SequencePoint vc="14" uspid="1395" ordinal="0" offset="92" sl="28" sc="5" el="28" ec="5" bec="0" bev="0" fileid="19" />
              </SequencePoints>
              <BranchPoints />
            </Method>
            <Method visited="true" cyclomaticComplexity="0" nPathComplexity="0" sequenceCoverage="100.0" branchCoverage="0" crapScore="0" isConstructor="false" isStatic="false" isGetter="false" isSetter="false">
              <Summary numSequencePoints="3" visitedSequencePoints="3" numBranchPoints="0" visitedBranchPoints="0" sequenceCoverage="100.0" branchCoverage="0" maxCyclomaticComplexity="0" minCyclomaticComplexity="0" maxCrapScore="0" minCrapScore="0" visitedClasses="0" numClasses="0" visitedMethods="1" numMethods="1" />
              <MetadataToken>100663378</MetadataToken>
              <Name>System.Void PlayerStateRunning::PlayAnimation(System.String)</Name>
              <FileRef uid="19" />
              <SequencePoints>
                <SequencePoint vc="14" uspid="1396" ordinal="0" offset="0" sl="31" sc="5" el="31" ec="5" bec="0" bev="0" fileid="19" />
                <SequencePoint vc="14" uspid="1397" ordinal="0" offset="1" sl="32" sc="9" el="32" ec="9" bec="0" bev="0" fileid="19" />
                <SequencePoint vc="14" uspid="1398" ordinal="0" offset="19" sl="33" sc="5" el="33" ec="5" bec="0" bev="0" fileid="19" />
              </SequencePoints>
              <BranchPoints />
            </Method>
            <Method visited="true" cyclomaticComplexity="0" nPathComplexity="0" sequenceCoverage="100.0" branchCoverage="0" crapScore="0" isConstructor="false" isStatic="false" isGetter="false" isSetter="false">
              <Summary numSequencePoints="5" visitedSequencePoints="5" numBranchPoints="0" visitedBranchPoints="0" sequenceCoverage="100.0" branchCoverage="0" maxCyclomaticComplexity="0" minCyclomaticComplexity="0" maxCrapScore="0" minCrapScore="0" visitedClasses="0" numClasses="0" visitedMethods="1" numMethods="1" />
              <MetadataToken>100663379</MetadataToken>
              <Name>System.Void PlayerStateRunning::OnStateExit()</Name>
              <FileRef uid="19" />
              <SequencePoints>
                <SequencePoint vc="13" uspid="1399" ordinal="0" offset="0" sl="36" sc="5" el="36" ec="5" bec="0" bev="0" fileid="19" />
                <SequencePoint vc="13" uspid="1400" ordinal="0" offset="1" sl="37" sc="9" el="37" ec="9" bec="0" bev="0" fileid="19" />
                <SequencePoint vc="13" uspid="1401" ordinal="0" offset="8" sl="38" sc="9" el="38" ec="9" bec="0" bev="0" fileid="19" />
                <SequencePoint vc="13" uspid="1402" ordinal="0" offset="28" sl="39" sc="14" el="39" ec="14" bec="0" bev="0" fileid="19" />
                <SequencePoint vc="13" uspid="1403" ordinal="0" offset="41" sl="40" sc="5" el="40" ec="5" bec="0" bev="0" fileid="19" />
              </SequencePoints>
              <BranchPoints />
            </Method>
            <Method visited="true" cyclomaticComplexity="0" nPathComplexity="0" sequenceCoverage="100.0" branchCoverage="0" crapScore="0" isConstructor="true" isStatic="false" isGetter="false" isSetter="false">
              <Summary numSequencePoints="8" visitedSequencePoints="8" numBranchPoints="0" visitedBranchPoints="0" sequenceCoverage="100.0" branchCoverage="0" maxCyclomaticComplexity="0" minCyclomaticComplexity="0" maxCrapScore="0" minCrapScore="0" visitedClasses="0" numClasses="0" visitedMethods="1" numMethods="1" />
              <MetadataToken>100663376</MetadataToken>
              <Name>PlayerStateRunning::PlayerStateRunning(System.Single, UnityEngine.Transform)</Name>
              <FileRef uid="19" />
              <SequencePoints>
                <SequencePoint vc="1" uspid="1404" ordinal="0" offset="0" sl="12" sc="5" el="12" ec="5" bec="0" bev="0" fileid="19" />
                <SequencePoint vc="1" uspid="1405" ordinal="0" offset="11" sl="15" sc="5" el="15" ec="5" bec="0" bev="0" fileid="19" />
                <SequencePoint vc="1" uspid="1406" ordinal="0" offset="18" sl="16" sc="5" el="16" ec="5" bec="0" bev="0" fileid="19" />
                <SequencePoint vc="1" uspid="1407" ordinal="0" offset="19" sl="17" sc="9" el="17" ec="9" bec="0" bev="0" fileid="19" />
                <SequencePoint vc="1" uspid="1408" ordinal="0" offset="26" sl="18" sc="9" el="18" ec="9" bec="0" bev="0" fileid="19" />
                <SequencePoint vc="1" uspid="1409" ordinal="0" offset="33" sl="19" sc="9" el="19" ec="9" bec="0" bev="0" fileid="19" />
                <SequencePoint vc="1" uspid="1410" ordinal="0" offset="50" sl="20" sc="9" el="20" ec="9" bec="0" bev="0" fileid="19" />
                <SequencePoint vc="1" uspid="1411" ordinal="0" offset="73" sl="21" sc="5" el="21" ec="5" bec="0" bev="0" fileid="19" />
              </SequencePoints>
              <BranchPoints />
            </Method>
          </Methods>
        </Class>
        <Class>
          <Summary numSequencePoints="34" visitedSequencePoints="33" numBranchPoints="0" visitedBranchPoints="0" sequenceCoverage="97.06" branchCoverage="0.0" maxCyclomaticComplexity="0" minCyclomaticComplexity="0" maxCrapScore="0" minCrapScore="0" visitedClasses="1" numClasses="1" visitedMethods="5" numMethods="5" />
          <FullName>SFXPool</FullName>
          <Methods>
            <Method visited="true" cyclomaticComplexity="0" nPathComplexity="0" sequenceCoverage="100.0" branchCoverage="0" crapScore="0" isConstructor="false" isStatic="false" isGetter="false" isSetter="false">
[...]
              </SequencePoints>
              <BranchPoints />
            </Method>
          </Methods>
        </Class>
        <Class>
          <Summary numSequencePoints="3" visitedSequencePoints="3" numBranchPoints="0" visitedBranchPoints="0" sequenceCoverage="100.0" branchCoverage="0.0" maxCyclomaticComplexity="0" minCyclomaticComplexity="0" maxCrapScore="0" minCrapScore="0" visitedClasses="1" numClasses="1" visitedMethods="1" numMethods="1" />
          <FullName>GameManager/&lt;&gt;c__DisplayClass18_0</FullName>
          <Methods>
            <Method visited="true" cyclomaticComplexity="0" nPathComplexity="0" sequenceCoverage="100.0" branchCoverage="0" crapScore="0" isConstructor="false" isStatic="false" isGetter="false" isSetter="false">
              <Summary numSequencePoints="3" visitedSequencePoints="3" numBranchPoints="0" visitedBranchPoints="0" sequenceCoverage="100.0" branchCoverage="0" maxCyclomaticComplexity="0" minCyclomaticComplexity="0" maxCrapScore="0" minCrapScore="0" visitedClasses="0" numClasses="0" visitedMethods="1" numMethods="1" />
              <MetadataToken>100663424</MetadataToken>
              <Name>System.Void GameManager/&lt;&gt;c__DisplayClass18_0::&lt;TweenSpawnPlayer&gt;b__0()</Name>
              <FileRef uid="11" />
              <SequencePoints>
                <SequencePoint vc="1" uspid="1563" ordinal="0" offset="0" sl="68" sc="9" el="68" ec="9" bec="0" bev="0" fileid="11" />
                <SequencePoint vc="1" uspid="1564" ordinal="0" offset="1" sl="69" sc="13" el="69" ec="13" bec="0" bev="0" fileid="11" />
                <SequencePoint vc="1" uspid="1565" ordinal="0" offset="19" sl="70" sc="9" el="70" ec="9" bec="0" bev="0" fileid="11" />
              </SequencePoints>
              <BranchPoints />
            </Method>
          </Methods>
        </Class>
        <Class>
          <Summary numSequencePoints="1" visitedSequencePoints="1" numBranchPoints="0" visitedBranchPoints="0" sequenceCoverage="100.0" branchCoverage="0.0" maxCyclomaticComplexity="0" minCyclomaticComplexity="0" maxCrapScore="0" minCrapScore="0" visitedClasses="1" numClasses="1" visitedMethods="1" numMethods="1" />
          <FullName>SoundManager/&lt;&gt;c__DisplayClass5_0</FullName>
          <Methods>
            <Method visited="true" cyclomaticComplexity="0" nPathComplexity="0" sequenceCoverage="100.0" branchCoverage="0" crapScore="0" isConstructor="false" isStatic="false" isGetter="false" isSetter="false">
              <Summary numSequencePoints="1" visitedSequencePoints="1" numBranchPoints="0" visitedBranchPoints="0" sequenceCoverage="100.0" branchCoverage="0" maxCyclomaticComplexity="0" minCyclomaticComplexity="0" maxCrapScore="0" minCrapScore="0" visitedClasses="0" numClasses="0" visitedMethods="1" numMethods="1" />
              <MetadataToken>100663437</MetadataToken>
              <Name>System.Boolean SoundManager/&lt;&gt;c__DisplayClass5_0::&lt;GetSFXByType&gt;b__0(SFXSetup)</Name>
              <FileRef uid="21" />
              <SequencePoints>
                <SequencePoint vc="108" uspid="1599" ordinal="0" offset="0" sl="30" sc="53" el="30" ec="53" bec="0" bev="0" fileid="21" />
              </SequencePoints>
              <BranchPoints />
            </Method>
          </Methods>
        </Class>
        <Class>
          <Summary numSequencePoints="1" visitedSequencePoints="1" numBranchPoints="0" visitedBranchPoints="0" sequenceCoverage="100.0" branchCoverage="0.0" maxCyclomaticComplexity="0" minCyclomaticComplexity="0" maxCrapScore="0" minCrapScore="0" visitedClasses="1" numClasses="1" visitedMethods="1" numMethods="1" />
          <FullName>Items.ItemManager/&lt;&gt;c__DisplayClass1_0</FullName>
          <Methods>
            <Method visited="true" cyclomaticComplexity="0" nPathComplexity="0" sequenceCoverage="100.0" branchCoverage="0" crapScore="0" isConstructor="false" isStatic="false" isGetter="false" isSetter="false">
              <Summary numSequencePoints="1" visitedSequencePoints="1" numBranchPoints="0" visitedBranchPoints="0" sequenceCoverage="100.0" branchCoverage="0" maxCyclomaticComplexity="0" minCyclomaticComplexity="0" maxCrapScore="0" minCrapScore="0" visitedClasses="0" numClasses="0" visitedMethods="1" numMethods="1" />
              <MetadataToken>100663445</MetadataToken>
              <Name>System.Boolean Items.ItemManager/&lt;&gt;c__DisplayClass1_0::&lt;GetItemSetupByType&gt;b__0(Items.ItemSetup)</Name>
              <FileRef uid="25" />
              <SequencePoints>
                <SequencePoint vc="6167" uspid="1616" ordinal="0" offset="0" sl="14" sc="45" el="14" ec="45" bec="0" bev="0" fileid="25" />
              </SequencePoints>
              <BranchPoints />
            </Method>
          </Methods>
        </Class>
        <Class>
          <Summary numSequencePoints="1" visitedSequencePoints="1" numBranchPoints="0" visitedBranchPoints="0" sequenceCoverage="100.0" branchCoverage="0.0" maxCyclomaticComplexity="0" minCyclomaticComplexity="0" maxCrapScore="0" minCrapScore="0" visitedClasses="1" numClasses="1" visitedMethods="1" numMethods="1" />
          <FullName>AnimationTrigger.AnimationStateTrigger/&lt;&gt;c__DisplayClass1_0</FullName>
          <Methods>
            <Method visited="true" cyclomaticComplexity="0" nPathComplexity="0" sequenceCoverage="100.0" branchCoverage="0" crapScore="0" isConstructor="false" isStatic="false" isGetter="false" isSetter="false">
              <Summary numSequencePoints="1" visitedSequencePoints="1" numBranchPoints="0" visitedBranchPoints="0" sequenceCoverage="100.0" branchCoverage="0" maxCyclomaticComplexity="0" minCyclomaticComplexity="0" maxCrapScore="0" minCrapScore="0" visitedClasses="0" numClasses="0" visitedMethods="1" numMethods="1" />
              <MetadataToken>100663447</MetadataToken>
              <Name>System.Boolean AnimationTrigger.AnimationStateTrigger/&lt;&gt;c__DisplayClass1_0::&lt;GetAnimationTriggersSetupByEnumState&gt;b__0(AnimationTrigger.AnimationSetup)</Name>
              <FileRef uid="26" />
              <SequencePoints>
                <SequencePoint vc="10" uspid="1617" ordinal="0" offset="0" sl="21" sc="51" el="21" ec="51" bec="0" bev="0" fileid="26" />
              </SequencePoints>
              <BranchPoints />
            </Method>
          </Methods>
        </Class>
      </Classes>
    </Module>
    <Module>
      <Summary numSequencePoints="15" visitedSequencePoints="15" numBranchPoints="0" visitedBranchPoints="0" sequenceCoverage="100.0" branchCoverage="0.0" maxCyclomaticComplexity="0" minCyclomaticComplexity="0" maxCrapScore="0" minCrapScore="0" visitedClasses="2" numClasses="2" visitedMethods="6" numMethods="6" />
      <ModuleTime>0001-01-01T00:00:00</ModuleTime>
      <ModuleName>NaughtyAttributes.Editor</ModuleName>
      <Files>
        <File uid="49" fullPath="D:/GitHub/Endless-Runner/EndLess Runner/Assets/NaughtyAttributes/Scripts/Editor/DecoratorDrawers/HorizontalLineDecoratorDrawer.cs" />
        <File uid="50" fullPath="D:/GitHub/Endless-Runner/EndLess Runner/Assets/NaughtyAttributes/Scripts/Editor/DecoratorDrawers/InfoBoxDecoratorDrawer.cs" />
        <File uid="51" fullPath="D:/GitHub/Endless-Runner/EndLess Runner/Assets/NaughtyAttributes/Scripts/Editor/NaughtyInspector.cs" />
        <File uid="52" fullPath="D:/GitHub/Endless-Runner/EndLess Runner/Assets/NaughtyAttributes/Scripts/Editor/PropertyDrawers/AllowNestingPropertyDrawer.cs" />
        <File uid="53" fullPath="D:/GitHub/Endless-Runner/EndLess Runner/Assets/NaughtyAttributes/Scripts/Editor/PropertyDrawers/AnimatorParamPropertyDrawer.cs" />
        <File uid="54" fullPath="D:/GitHub/Endless-Runner/EndLess Runner/Assets/NaughtyAttributes/Scripts/Editor/PropertyDrawers/CurveRangePropertyDrawer.cs" />
        <File uid="55" fullPath="D:/GitHub/Endless-Runner/EndLess Runner/Assets/NaughtyAttributes/Scripts/Editor/PropertyDrawers/DropdownPropertyDrawer.cs" />
        <File uid="56" fullPath="D:/GitHub/Endless-Runner/EndLess Runner/Assets/NaughtyAttributes/Scripts/Editor/PropertyDrawers/EnumFlagsPropertyDrawer.cs" />
        <File uid="57" fullPath="D:/GitHub/Endless-Runner/EndLess Runner/Assets/NaughtyAttributes/Scripts/Editor/PropertyDrawers/ExpandablePropertyDrawer.cs" />
        <File uid="58" fullPath="D:/GitHub/Endless-Runner/EndLess Runner/Assets/NaughtyAttributes/Scripts/Editor/PropertyDrawers/InputAxisPropertyDrawer.cs" />
        <File uid="59" fullPath="D:/GitHub/Endless-Runner/EndLess Runner/Assets/NaughtyAttributes/Scripts/Editor/PropertyDrawers/LayerPropertyDrawer.cs" />
        <File uid="60" fullPath="D:/GitHub/Endless-Runner/EndLess Runner/Assets/NaughtyAttributes/Scripts/Editor/PropertyDrawers/MinMaxSliderPropertyDrawer.cs" />
        <File uid="61" fullPath="D:/GitHub/Endless-Runner/EndLess Runner/Assets/NaughtyAttributes/Scripts/Editor/PropertyDrawers/ProgressBarPropertyDrawer.cs" />
        <File uid="62" fullPath="D:/GitHub/Endless-Runner/EndLess Runner/Assets/NaughtyAttributes/Scripts/Editor/PropertyDrawers/PropertyDrawerBase.cs" />
        <File uid="63" fullPath="D:/GitHub/Endless-Runner/EndLess Runner/Assets/NaughtyAttributes/Scripts/Editor/PropertyDrawers/ResizableTextAreaPropertyDrawer.cs" />
        <File uid="64" fullPath="D:/GitHub/Endless-Runner/EndLess Runner/Assets/NaughtyAttributes/Scripts/Editor/PropertyDrawers/ScenePropertyDrawer.cs" />
        <File uid="65" fullPath="D:/GitHub/Endless-Runner/EndLess Runner/Assets/NaughtyAttributes/Scripts/Editor/PropertyDrawers/ShowAssetPreviewPropertyDrawer.cs" />
        <File uid="66" fullPath="D:/GitHub/Endless-Runner/EndLess Runner/Assets/NaughtyAttributes/Scripts/Editor/PropertyDrawers/SortingLayerPropertyDrawer.cs" />
        <File uid="67" fullPath="D:/GitHub/Endless-Runner/EndLess Runner/Assets/NaughtyAttributes/Scripts/Editor/PropertyDrawers/TagPropertyDrawer.cs" />
        <File uid="68" fullPath="D:/GitHub/Endless-Runner/EndLess Runner/Assets/NaughtyAttributes/Scripts/Editor/PropertyDrawers_SpecialCase/ReorderableListPropertyDrawer.cs" />
        <File uid="69" fullPath="D:/GitHub/Endless-Runner/EndLess Runner/Assets/NaughtyAttributes/Scripts/Editor/PropertyDrawers_SpecialCase/SpecialCasePropertyDrawerBase.cs" />
        <File uid="70" fullPath="D:/GitHub/Endless-Runner/EndLess Runner/Assets/NaughtyAttributes/Scripts/Editor/PropertyValidators/MaxValuePropertyValidator.cs" />
        <File uid="71" fullPath="D:/GitHub/Endless-Runner/EndLess Runner/Assets/NaughtyAttributes/Scripts/Editor/PropertyValidators/MinValuePropertyValidator.cs" />
        <File uid="72" fullPath="D:/GitHub/Endless-Runner/EndLess Runner/Assets/NaughtyAttributes/Scripts/Editor/PropertyValidators/PropertyValidatorBase.cs" />
        <File uid="73" fullPath="D:/GitHub/Endless-Runner/EndLess Runner/Assets/NaughtyAttributes/Scripts/Editor/PropertyValidators/RequiredPropertyValidator.cs" />
        <File uid="74" fullPath="D:/GitHub/Endless-Runner/EndLess Runner/Assets/NaughtyAttributes/Scripts/Editor/PropertyValidators/ValidateInputPropertyValidator.cs" />
        <File uid="75" fullPath="D:/GitHub/Endless-Runner/EndLess Runner/Assets/NaughtyAttributes/Scripts/Editor/Utility/ButtonUtility.cs" />
        <File uid="76" fullPath="D:/GitHub/Endless-Runner/EndLess Runner/Assets/NaughtyAttributes/Scripts/Editor/Utility/NaughtyEditorGUI.cs" />
        <File uid="77" fullPath="D:/GitHub/Endless-Runner/EndLess Runner/Assets/NaughtyAttributes/Scripts/Editor/Utility/PropertyUtility.cs" />
        <File uid="78" fullPath="D:/GitHub/Endless-Runner/EndLess Runner/Assets/NaughtyAttributes/Scripts/Editor/Utility/ReflectionUtility.cs" />
        <File uid="79" fullPath="D:/GitHub/Endless-Runner/EndLess Runner/Assets/NaughtyAttributes/Scripts/Editor/Utility/SavedBool.cs" />
      </Files>
      <Classes>
        <Class>
          <Summary numSequencePoints="10" visitedSequencePoints="10" numBranchPoints="0" visitedBranchPoints="0" sequenceCoverage="100.0" branchCoverage="0.0" maxCyclomaticComplexity="0" minCyclomaticComplexity="0" maxCrapScore="0" minCrapScore="0" visitedClasses="1" numClasses="1" visitedMethods="3" numMethods="3" />
          <FullName>NaughtyAttributes.Editor.NaughtyInspector</FullName>
          <Methods>
            <Method visited="true" cyclomaticComplexity="0" nPathComplexity="0" sequenceCoverage="100.0" branchCoverage="0" crapScore="0" isConstructor="false" isStatic="false" isGetter="false" isSetter="false">
              <Summary numSequencePoints="5" visitedSequencePoints="5" numBranchPoints="0" visitedBranchPoints="0" sequenceCoverage="100.0" branchCoverage="0" maxCyclomaticComplexity="0" minCyclomaticComplexity="0" maxCrapScore="0" minCrapScore="0" visitedClasses="0" numClasses="0" visitedMethods="1" numMethods="1" />
              <MetadataToken>100663305</MetadataToken>
              <Name>System.Void NaughtyAttributes.Editor.NaughtyInspector::OnEnable()</Name>
              <FileRef uid="51" />
              <SequencePoints>
                <SequencePoint vc="2" uspid="1880" ordinal="0" offset="0" sl="20" sc="9" el="20" ec="9" bec="0" bev="0" fileid="51" />
                <SequencePoint vc="2" uspid="1881" ordinal="0" offset="1" sl="21" sc="13" el="21" ec="13" bec="0" bev="0" fileid="51" />
                <SequencePoint vc="2" uspid="1882" ordinal="0" offset="49" sl="24" sc="13" el="24" ec="13" bec="0" bev="0" fileid="51" />
                <SequencePoint vc="2" uspid="1883" ordinal="0" offset="97" sl="27" sc="13" el="27" ec="13" bec="0" bev="0" fileid="51" />
                <SequencePoint vc="2" uspid="1884" ordinal="0" offset="145" sl="29" sc="9" el="29" ec="9" bec="0" bev="0" fileid="51" />
              </SequencePoints>
              <BranchPoints />
            </Method>
            <Method visited="true" cyclomaticComplexity="0" nPathComplexity="0" sequenceCoverage="100.0" branchCoverage="0" crapScore="0" isConstructor="false" isStatic="false" isGetter="false" isSetter="false">
              <Summary numSequencePoints="3" visitedSequencePoints="3" numBranchPoints="0" visitedBranchPoints="0" sequenceCoverage="100.0" branchCoverage="0" maxCyclomaticComplexity="0" minCyclomaticComplexity="0" maxCrapScore="0" minCrapScore="0" visitedClasses="0" numClasses="0" visitedMethods="1" numMethods="1" />
              <MetadataToken>100663306</MetadataToken>
              <Name>System.Void NaughtyAttributes.Editor.NaughtyInspector::OnDisable()</Name>
              <FileRef uid="51" />
              <SequencePoints>
                <SequencePoint vc="2" uspid="1885" ordinal="0" offset="0" sl="32" sc="9" el="32" ec="9" bec="0" bev="0" fileid="51" />
                <SequencePoint vc="2" uspid="1886" ordinal="0" offset="1" sl="33" sc="13" el="33" ec="13" bec="0" bev="0" fileid="51" />
                <SequencePoint vc="2" uspid="1887" ordinal="0" offset="12" sl="34" sc="9" el="34" ec="9" bec="0" bev="0" fileid="51" />
              </SequencePoints>
              <BranchPoints />
            </Method>
            <Method visited="true" cyclomaticComplexity="0" nPathComplexity="0" sequenceCoverage="100.0" branchCoverage="0" crapScore="0" isConstructor="true" isStatic="false" isGetter="false" isSetter="false">
              <Summary numSequencePoints="2" visitedSequencePoints="2" numBranchPoints="0" visitedBranchPoints="0" sequenceCoverage="100.0" branchCoverage="0" maxCyclomaticComplexity="0" minCyclomaticComplexity="0" maxCrapScore="0" minCrapScore="0" visitedClasses="0" numClasses="0" visitedMethods="1" numMethods="1" />
              <MetadataToken>100663317</MetadataToken>
              <Name>NaughtyAttributes.Editor.NaughtyInspector::NaughtyInspector()</Name>
              <FileRef uid="51" />
              <SequencePoints>
                <SequencePoint vc="2" uspid="2048" ordinal="0" offset="0" sl="13" sc="9" el="13" ec="9" bec="0" bev="0" fileid="51" />
                <SequencePoint vc="2" uspid="2049" ordinal="0" offset="11" sl="17" sc="9" el="17" ec="9" bec="0" bev="0" fileid="51" />
              </SequencePoints>
              <BranchPoints />
            </Method>
          </Methods>
        </Class>
        <Class>
          <Summary numSequencePoints="5" visitedSequencePoints="5" numBranchPoints="0" visitedBranchPoints="0" sequenceCoverage="100.0" branchCoverage="0.0" maxCyclomaticComplexity="0" minCyclomaticComplexity="0" maxCrapScore="0" minCrapScore="0" visitedClasses="1" numClasses="1" visitedMethods="3" numMethods="3" />
          <FullName>NaughtyAttributes.Editor.ReorderableListPropertyDrawer</FullName>
          <Methods>
            <Method visited="true" cyclomaticComplexity="0" nPathComplexity="0" sequenceCoverage="100.0" branchCoverage="0" crapScore="0" isConstructor="false" isStatic="false" isGetter="false" isSetter="false">
              <Summary numSequencePoints="3" visitedSequencePoints="3" numBranchPoints="0" visitedBranchPoints="0" sequenceCoverage="100.0" branchCoverage="0" maxCyclomaticComplexity="0" minCyclomaticComplexity="0" maxCrapScore="0" minCrapScore="0" visitedClasses="0" numClasses="0" visitedMethods="1" numMethods="1" />
              <MetadataToken>100663405</MetadataToken>
              <Name>System.Void NaughtyAttributes.Editor.ReorderableListPropertyDrawer::ClearCache()</Name>
              <FileRef uid="68" />
              <SequencePoints>
                <SequencePoint vc="2" uspid="2998" ordinal="0" offset="0" sl="105" sc="9" el="105" ec="9" bec="0" bev="0" fileid="68" />
                <SequencePoint vc="2" uspid="2999" ordinal="0" offset="1" sl="106" sc="13" el="106" ec="13" bec="0" bev="0" fileid="68" />
                <SequencePoint vc="2" uspid="3000" ordinal="0" offset="13" sl="107" sc="9" el="107" ec="9" bec="0" bev="0" fileid="68" />
              </SequencePoints>
              <BranchPoints />
            </Method>
            <Method visited="true" cyclomaticComplexity="0" nPathComplexity="0" sequenceCoverage="100.0" branchCoverage="0" crapScore="0" isConstructor="true" isStatic="false" isGetter="false" isSetter="false">
              <Summary numSequencePoints="1" visitedSequencePoints="1" numBranchPoints="0" visitedBranchPoints="0" sequenceCoverage="100.0" branchCoverage="0" maxCyclomaticComplexity="0" minCyclomaticComplexity="0" maxCrapScore="0" minCrapScore="0" visitedClasses="0" numClasses="0" visitedMethods="1" numMethods="1" />
              <MetadataToken>100663408</MetadataToken>
              <Name>NaughtyAttributes.Editor.ReorderableListPropertyDrawer::ReorderableListPropertyDrawer()</Name>
              <FileRef uid="68" />
              <SequencePoints>
                <SequencePoint vc="1" uspid="3072" ordinal="0" offset="0" sl="12" sc="9" el="12" ec="9" bec="0" bev="0" fileid="68" />
              </SequencePoints>
              <BranchPoints />
            </Method>
            <Method visited="true" cyclomaticComplexity="0" nPathComplexity="0" sequenceCoverage="100.0" branchCoverage="0" crapScore="0" isConstructor="true" isStatic="true" isGetter="false" isSetter="false">
              <Summary numSequencePoints="1" visitedSequencePoints="1" numBranchPoints="0" visitedBranchPoints="0" sequenceCoverage="100.0" branchCoverage="0" maxCyclomaticComplexity="0" minCyclomaticComplexity="0" maxCrapScore="0" minCrapScore="0" visitedClasses="0" numClasses="0" visitedMethods="1" numMethods="1" />
              <MetadataToken>100663409</MetadataToken>
              <Name>static NaughtyAttributes.Editor.ReorderableListPropertyDrawer::ReorderableListPropertyDrawer()</Name>
              <FileRef uid="68" />
              <SequencePoints>
                <SequencePoint vc="1" uspid="3073" ordinal="0" offset="0" sl="10" sc="9" el="10" ec="9" bec="0" bev="0" fileid="68" />
              </SequencePoints>
              <BranchPoints />
            </Method>
          </Methods>
        </Class>
      </Classes>
    </Module>
  </Modules>
</CoverageSession>